This file contains any messages produced by compilers while
running configure, to aid debugging if configure makes a mistake.

It was created by indexfs configure 0.4.1, which was
generated by GNU Autoconf 2.69.  Invocation command line was

  $ ./configure --no-create --no-recursion

## --------- ##
## Platform. ##
## --------- ##

hostname = client0
uname -m = x86_64
uname -r = 5.4.0-1057-gcp
uname -s = Linux
uname -v = #61~18.04.1-Ubuntu SMP Thu Oct 28 04:16:28 UTC 2021

/usr/bin/uname -p = unknown
/bin/uname -X     = unknown

/bin/arch              = unknown
/usr/bin/arch -k       = unknown
/usr/convex/getsysinfo = unknown
/usr/bin/hostinfo      = unknown
/bin/machine           = unknown
/usr/bin/oslevel       = unknown
/bin/universe          = unknown

PATH: /usr/local/sbin
PATH: /usr/local/bin
PATH: /usr/sbin
PATH: /usr/bin
PATH: /sbin
PATH: /bin
PATH: /snap/bin


## ----------- ##
## Core tests. ##
## ----------- ##

configure:2898: checking for gcc
configure:2914: found /usr/bin/gcc
configure:2925: result: gcc
configure:3154: checking for C compiler version
configure:3163: gcc --version >&5
gcc (Ubuntu 7.5.0-3ubuntu1~18.04) 7.5.0
Copyright (C) 2017 Free Software Foundation, Inc.
This is free software; see the source for copying conditions.  There is NO
warranty; not even for MERCHANTABILITY or FITNESS FOR A PARTICULAR PURPOSE.

configure:3174: $? = 0
configure:3163: gcc -v >&5
Using built-in specs.
COLLECT_GCC=gcc
COLLECT_LTO_WRAPPER=/usr/lib/gcc/x86_64-linux-gnu/7/lto-wrapper
OFFLOAD_TARGET_NAMES=nvptx-none
OFFLOAD_TARGET_DEFAULT=1
Target: x86_64-linux-gnu
Configured with: ../src/configure -v --with-pkgversion='Ubuntu 7.5.0-3ubuntu1~18.04' --with-bugurl=file:///usr/share/doc/gcc-7/README.Bugs --enable-languages=c,ada,c++,go,brig,d,fortran,objc,obj-c++ --prefix=/usr --with-gcc-major-version-only --program-suffix=-7 --program-prefix=x86_64-linux-gnu- --enable-shared --enable-linker-build-id --libexecdir=/usr/lib --without-included-gettext --enable-threads=posix --libdir=/usr/lib --enable-nls --enable-bootstrap --enable-clocale=gnu --enable-libstdcxx-debug --enable-libstdcxx-time=yes --with-default-libstdcxx-abi=new --enable-gnu-unique-object --disable-vtable-verify --enable-libmpx --enable-plugin --enable-default-pie --with-system-zlib --with-target-system-zlib --enable-objc-gc=auto --enable-multiarch --disable-werror --with-arch-32=i686 --with-abi=m64 --with-multilib-list=m32,m64,mx32 --enable-multilib --with-tune=generic --enable-offload-targets=nvptx-none --without-cuda-driver --enable-checking=release --build=x86_64-linux-gnu --host=x86_64-linux-gnu --target=x86_64-linux-gnu
Thread model: posix
gcc version 7.5.0 (Ubuntu 7.5.0-3ubuntu1~18.04) 
configure:3174: $? = 0
configure:3163: gcc -V >&5
gcc: error: unrecognized command line option '-V'
gcc: fatal error: no input files
compilation terminated.
configure:3174: $? = 1
configure:3163: gcc -qversion >&5
gcc: error: unrecognized command line option '-qversion'; did you mean '--version'?
gcc: fatal error: no input files
compilation terminated.
configure:3174: $? = 1
configure:3194: checking whether the C compiler works
configure:3216: gcc    conftest.c  >&5
configure:3220: $? = 0
configure:3268: result: yes
configure:3271: checking for C compiler default output file name
configure:3273: result: a.out
configure:3279: checking for suffix of executables
configure:3286: gcc -o conftest    conftest.c  >&5
configure:3290: $? = 0
configure:3312: result: 
configure:3334: checking whether we are cross compiling
configure:3342: gcc -o conftest    conftest.c  >&5
configure:3346: $? = 0
configure:3353: ./conftest
configure:3357: $? = 0
configure:3372: result: no
configure:3377: checking for suffix of object files
configure:3399: gcc -c   conftest.c >&5
configure:3403: $? = 0
configure:3424: result: o
configure:3428: checking whether we are using the GNU C compiler
configure:3447: gcc -c   conftest.c >&5
configure:3447: $? = 0
configure:3456: result: yes
configure:3465: checking whether gcc accepts -g
configure:3485: gcc -c -g  conftest.c >&5
configure:3485: $? = 0
configure:3526: result: yes
configure:3543: checking for gcc option to accept ISO C89
configure:3606: gcc  -c -g -O2  conftest.c >&5
configure:3606: $? = 0
configure:3619: result: none needed
configure:3644: checking whether gcc understands -c and -o together
configure:3666: gcc -c conftest.c -o conftest2.o
configure:3669: $? = 0
configure:3666: gcc -c conftest.c -o conftest2.o
configure:3669: $? = 0
configure:3681: result: yes
configure:3704: checking how to run the C preprocessor
configure:3735: gcc -E  conftest.c
configure:3735: $? = 0
configure:3749: gcc -E  conftest.c
conftest.c:9:10: fatal error: ac_nonexistent.h: No such file or directory
 #include <ac_nonexistent.h>
          ^~~~~~~~~~~~~~~~~~
compilation terminated.
configure:3749: $? = 1
configure: failed program was:
| /* confdefs.h */
| #define PACKAGE_NAME "indexfs"
| #define PACKAGE_TARNAME "indexfs"
| #define PACKAGE_VERSION "0.4.1"
| #define PACKAGE_STRING "indexfs 0.4.1"
| #define PACKAGE_BUGREPORT ""
| #define PACKAGE_URL ""
| /* end confdefs.h.  */
| #include <ac_nonexistent.h>
configure:3774: result: gcc -E
configure:3794: gcc -E  conftest.c
configure:3794: $? = 0
configure:3808: gcc -E  conftest.c
conftest.c:9:10: fatal error: ac_nonexistent.h: No such file or directory
 #include <ac_nonexistent.h>
          ^~~~~~~~~~~~~~~~~~
compilation terminated.
configure:3808: $? = 1
configure: failed program was:
| /* confdefs.h */
| #define PACKAGE_NAME "indexfs"
| #define PACKAGE_TARNAME "indexfs"
| #define PACKAGE_VERSION "0.4.1"
| #define PACKAGE_STRING "indexfs 0.4.1"
| #define PACKAGE_BUGREPORT ""
| #define PACKAGE_URL ""
| /* end confdefs.h.  */
| #include <ac_nonexistent.h>
configure:3837: checking for grep that handles long lines and -e
configure:3895: result: /bin/grep
configure:3900: checking for egrep
configure:3962: result: /bin/grep -E
configure:3967: checking for ANSI C header files
configure:3987: gcc -c -g -O2  conftest.c >&5
configure:3987: $? = 0
configure:4060: gcc -o conftest -g -O2   conftest.c  >&5
configure:4060: $? = 0
configure:4060: ./conftest
configure:4060: $? = 0
configure:4071: result: yes
configure:4084: checking for sys/types.h
configure:4084: gcc -c -g -O2  conftest.c >&5
configure:4084: $? = 0
configure:4084: result: yes
configure:4084: checking for sys/stat.h
configure:4084: gcc -c -g -O2  conftest.c >&5
configure:4084: $? = 0
configure:4084: result: yes
configure:4084: checking for stdlib.h
configure:4084: gcc -c -g -O2  conftest.c >&5
configure:4084: $? = 0
configure:4084: result: yes
configure:4084: checking for string.h
configure:4084: gcc -c -g -O2  conftest.c >&5
configure:4084: $? = 0
configure:4084: result: yes
configure:4084: checking for memory.h
configure:4084: gcc -c -g -O2  conftest.c >&5
configure:4084: $? = 0
configure:4084: result: yes
configure:4084: checking for strings.h
configure:4084: gcc -c -g -O2  conftest.c >&5
configure:4084: $? = 0
configure:4084: result: yes
configure:4084: checking for inttypes.h
configure:4084: gcc -c -g -O2  conftest.c >&5
configure:4084: $? = 0
configure:4084: result: yes
configure:4084: checking for stdint.h
configure:4084: gcc -c -g -O2  conftest.c >&5
configure:4084: $? = 0
configure:4084: result: yes
configure:4084: checking for unistd.h
configure:4084: gcc -c -g -O2  conftest.c >&5
configure:4084: $? = 0
configure:4084: result: yes
configure:4097: checking minix/config.h usability
configure:4097: gcc -c -g -O2  conftest.c >&5
conftest.c:52:10: fatal error: minix/config.h: No such file or directory
 #include <minix/config.h>
          ^~~~~~~~~~~~~~~~
compilation terminated.
configure:4097: $? = 1
configure: failed program was:
| /* confdefs.h */
| #define PACKAGE_NAME "indexfs"
| #define PACKAGE_TARNAME "indexfs"
| #define PACKAGE_VERSION "0.4.1"
| #define PACKAGE_STRING "indexfs 0.4.1"
| #define PACKAGE_BUGREPORT ""
| #define PACKAGE_URL ""
| #define STDC_HEADERS 1
| #define HAVE_SYS_TYPES_H 1
| #define HAVE_SYS_STAT_H 1
| #define HAVE_STDLIB_H 1
| #define HAVE_STRING_H 1
| #define HAVE_MEMORY_H 1
| #define HAVE_STRINGS_H 1
| #define HAVE_INTTYPES_H 1
| #define HAVE_STDINT_H 1
| #define HAVE_UNISTD_H 1
| /* end confdefs.h.  */
| #include <stdio.h>
| #ifdef HAVE_SYS_TYPES_H
| # include <sys/types.h>
| #endif
| #ifdef HAVE_SYS_STAT_H
| # include <sys/stat.h>
| #endif
| #ifdef STDC_HEADERS
| # include <stdlib.h>
| # include <stddef.h>
| #else
| # ifdef HAVE_STDLIB_H
| #  include <stdlib.h>
| # endif
| #endif
| #ifdef HAVE_STRING_H
| # if !defined STDC_HEADERS && defined HAVE_MEMORY_H
| #  include <memory.h>
| # endif
| # include <string.h>
| #endif
| #ifdef HAVE_STRINGS_H
| # include <strings.h>
| #endif
| #ifdef HAVE_INTTYPES_H
| # include <inttypes.h>
| #endif
| #ifdef HAVE_STDINT_H
| # include <stdint.h>
| #endif
| #ifdef HAVE_UNISTD_H
| # include <unistd.h>
| #endif
| #include <minix/config.h>
configure:4097: result: no
configure:4097: checking minix/config.h presence
configure:4097: gcc -E  conftest.c
conftest.c:19:10: fatal error: minix/config.h: No such file or directory
 #include <minix/config.h>
          ^~~~~~~~~~~~~~~~
compilation terminated.
configure:4097: $? = 1
configure: failed program was:
| /* confdefs.h */
| #define PACKAGE_NAME "indexfs"
| #define PACKAGE_TARNAME "indexfs"
| #define PACKAGE_VERSION "0.4.1"
| #define PACKAGE_STRING "indexfs 0.4.1"
| #define PACKAGE_BUGREPORT ""
| #define PACKAGE_URL ""
| #define STDC_HEADERS 1
| #define HAVE_SYS_TYPES_H 1
| #define HAVE_SYS_STAT_H 1
| #define HAVE_STDLIB_H 1
| #define HAVE_STRING_H 1
| #define HAVE_MEMORY_H 1
| #define HAVE_STRINGS_H 1
| #define HAVE_INTTYPES_H 1
| #define HAVE_STDINT_H 1
| #define HAVE_UNISTD_H 1
| /* end confdefs.h.  */
| #include <minix/config.h>
configure:4097: result: no
configure:4097: checking for minix/config.h
configure:4097: result: no
configure:4118: checking whether it is safe to define __EXTENSIONS__
configure:4136: gcc -c -g -O2  conftest.c >&5
configure:4136: $? = 0
configure:4143: result: yes
configure:4173: checking for a BSD-compatible install
configure:4241: result: /usr/bin/install -c
configure:4252: checking whether build environment is sane
configure:4307: result: yes
configure:4455: checking for a thread-safe mkdir -p
configure:4494: result: /bin/mkdir -p
configure:4501: checking for gawk
configure:4517: found /usr/bin/gawk
configure:4528: result: gawk
configure:4539: checking whether make sets $(MAKE)
configure:4561: result: yes
configure:4591: checking for style of include used by make
configure:4619: result: GNU
configure:4653: checking whether make supports nested variables
configure:4670: result: yes
configure:4755: checking dependency style of gcc
configure:4866: result: gcc3
configure:4973: checking for ar
configure:4989: found /usr/bin/ar
configure:5000: result: ar
configure:5026: checking the archiver (ar) interface
configure:5042: gcc -c -g -O2  conftest.c >&5
configure:5042: $? = 0
configure:5044: ar cru libconftest.a conftest.o >&5
ar: `u' modifier ignored since `D' is the default (see `U')
configure:5047: $? = 0
configure:5075: result: ar
configure:5106: checking whether make supports nested variables
configure:5123: result: yes
configure:5164: checking build system type
configure:5178: result: x86_64-pc-linux-gnu
configure:5198: checking host system type
configure:5211: result: x86_64-pc-linux-gnu
configure:5252: checking how to print strings
configure:5279: result: printf
configure:5300: checking for a sed that does not truncate output
configure:5364: result: /bin/sed
configure:5382: checking for fgrep
configure:5444: result: /bin/grep -F
configure:5479: checking for ld used by gcc
configure:5546: result: /usr/bin/ld
configure:5553: checking if the linker (/usr/bin/ld) is GNU ld
configure:5568: result: yes
configure:5580: checking for BSD- or MS-compatible name lister (nm)
configure:5634: result: /usr/bin/nm -B
configure:5764: checking the name lister (/usr/bin/nm -B) interface
configure:5771: gcc -c -g -O2  conftest.c >&5
configure:5774: /usr/bin/nm -B "conftest.o"
configure:5777: output
0000000000000000 B some_variable
configure:5784: result: BSD nm
configure:5787: checking whether ln -s works
configure:5791: result: yes
configure:5799: checking the maximum length of command line arguments
configure:5930: result: 1572864
configure:5978: checking how to convert x86_64-pc-linux-gnu file names to x86_64-pc-linux-gnu format
configure:6018: result: func_convert_file_noop
configure:6025: checking how to convert x86_64-pc-linux-gnu file names to toolchain format
configure:6045: result: func_convert_file_noop
configure:6052: checking for /usr/bin/ld option to reload object files
configure:6059: result: -r
configure:6133: checking for objdump
configure:6149: found /usr/bin/objdump
configure:6160: result: objdump
configure:6192: checking how to recognize dependent libraries
configure:6392: result: pass_all
configure:6477: checking for dlltool
configure:6507: result: no
configure:6537: checking how to associate runtime and link libraries
configure:6564: result: printf %s\n
configure:6688: checking for archiver @FILE support
configure:6705: gcc -c -g -O2  conftest.c >&5
configure:6705: $? = 0
configure:6708: ar cru libconftest.a @conftest.lst >&5
ar: `u' modifier ignored since `D' is the default (see `U')
configure:6711: $? = 0
configure:6716: ar cru libconftest.a @conftest.lst >&5
ar: `u' modifier ignored since `D' is the default (see `U')
ar: conftest.o: No such file or directory
configure:6719: $? = 1
configure:6731: result: @
configure:6789: checking for strip
configure:6805: found /usr/bin/strip
configure:6816: result: strip
configure:6888: checking for ranlib
configure:6904: found /usr/bin/ranlib
configure:6915: result: ranlib
configure:7017: checking command to parse /usr/bin/nm -B output from gcc object
configure:7170: gcc -c -g -O2  conftest.c >&5
configure:7173: $? = 0
configure:7177: /usr/bin/nm -B conftest.o \| sed -n -e 's/^.*[ ]\([ABCDGIRSTW][ABCDGIRSTW]*\)[ ][ ]*\([_A-Za-z][_A-Za-z0-9]*\)$/\1 \2 \2/p' | sed '/ __gnu_lto/d' \> conftest.nm
configure:7180: $? = 0
configure:7246: gcc -o conftest -g -O2   conftest.c conftstm.o >&5
configure:7249: $? = 0
configure:7287: result: ok
configure:7334: checking for sysroot
configure:7364: result: no
configure:7371: checking for a working dd
configure:7409: result: /bin/dd
configure:7413: checking how to truncate binary pipes
configure:7428: result: /bin/dd bs=4096 count=1
configure:7564: gcc -c -g -O2  conftest.c >&5
configure:7567: $? = 0
configure:7757: checking for mt
configure:7773: found /bin/mt
configure:7784: result: mt
configure:7807: checking if mt is a manifest tool
configure:7813: mt '-?'
configure:7821: result: no
configure:8495: checking for dlfcn.h
configure:8495: gcc -c -g -O2  conftest.c >&5
configure:8495: $? = 0
configure:8495: result: yes
configure:8751: checking for objdir
configure:8766: result: .libs
configure:9030: checking if gcc supports -fno-rtti -fno-exceptions
configure:9048: gcc -c -g -O2  -fno-rtti -fno-exceptions conftest.c >&5
cc1: warning: command line option '-fno-rtti' is valid for C++/ObjC++ but not for C
configure:9052: $? = 0
configure:9065: result: no
configure:9423: checking for gcc option to produce PIC
configure:9430: result: -fPIC -DPIC
configure:9438: checking if gcc PIC flag -fPIC -DPIC works
configure:9456: gcc -c -g -O2  -fPIC -DPIC -DPIC conftest.c >&5
configure:9460: $? = 0
configure:9473: result: yes
configure:9502: checking if gcc static flag -static works
configure:9530: result: yes
configure:9545: checking if gcc supports -c -o file.o
configure:9566: gcc -c -g -O2  -o out/conftest2.o conftest.c >&5
configure:9570: $? = 0
configure:9592: result: yes
configure:9600: checking if gcc supports -c -o file.o
configure:9647: result: yes
configure:9680: checking whether the gcc linker (/usr/bin/ld -m elf_x86_64) supports shared libraries
configure:10943: result: yes
configure:10980: checking whether -lc should be explicitly linked in
configure:10988: gcc -c -g -O2  conftest.c >&5
configure:10991: $? = 0
configure:11006: gcc -shared  -fPIC -DPIC conftest.o  -v -Wl,-soname -Wl,conftest -o conftest 2\>\&1 \| /bin/grep  -lc  \>/dev/null 2\>\&1
configure:11009: $? = 0
configure:11023: result: no
configure:11183: checking dynamic linker characteristics
configure:11764: gcc -o conftest -g -O2   -Wl,-rpath -Wl,/foo conftest.c  >&5
configure:11764: $? = 0
configure:12013: result: GNU/Linux ld.so
configure:12135: checking how to hardcode library paths into programs
configure:12160: result: immediate
configure:12708: checking whether stripping libraries is possible
configure:12713: result: yes
configure:12748: checking if libtool supports shared libraries
configure:12750: result: yes
configure:12753: checking whether to build shared libraries
configure:12778: result: yes
configure:12781: checking whether to build static libraries
configure:12785: result: yes
configure:12889: checking for g++
configure:12905: found /usr/bin/g++
configure:12916: result: g++
configure:12943: checking for C++ compiler version
configure:12952: g++ --version >&5
g++ (Ubuntu 5.5.0-12ubuntu1) 5.5.0 20171010
Copyright (C) 2015 Free Software Foundation, Inc.
This is free software; see the source for copying conditions.  There is NO
warranty; not even for MERCHANTABILITY or FITNESS FOR A PARTICULAR PURPOSE.

configure:12963: $? = 0
configure:12952: g++ -v >&5
Using built-in specs.
COLLECT_GCC=g++
COLLECT_LTO_WRAPPER=/usr/lib/gcc/x86_64-linux-gnu/5/lto-wrapper
Target: x86_64-linux-gnu
Configured with: ../src/configure -v --with-pkgversion='Ubuntu 5.5.0-12ubuntu1' --with-bugurl=file:///usr/share/doc/gcc-5/README.Bugs --enable-languages=c,ada,c++,go,d,fortran,objc,obj-c++ --prefix=/usr --program-suffix=-5 --enable-shared --enable-linker-build-id --libexecdir=/usr/lib --without-included-gettext --enable-threads=posix --libdir=/usr/lib --enable-nls --with-sysroot=/ --enable-clocale=gnu --enable-libstdcxx-debug --enable-libstdcxx-time=yes --with-default-libstdcxx-abi=new --enable-gnu-unique-object --disable-vtable-verify --enable-libmpx --enable-plugin --enable-default-pie --with-system-zlib --enable-objc-gc --enable-multiarch --disable-werror --with-arch-32=i686 --with-abi=m64 --with-multilib-list=m32,m64,mx32 --enable-multilib --with-tune=generic --enable-checking=release --build=x86_64-linux-gnu --host=x86_64-linux-gnu --target=x86_64-linux-gnu
Thread model: posix
gcc version 5.5.0 20171010 (Ubuntu 5.5.0-12ubuntu1) 
configure:12963: $? = 0
configure:12952: g++ -V >&5
g++: error: unrecognized command line option '-V'
g++: fatal error: no input files
compilation terminated.
configure:12963: $? = 1
configure:12952: g++ -qversion >&5
g++: error: unrecognized command line option '-qversion'
g++: fatal error: no input files
compilation terminated.
configure:12963: $? = 1
configure:12967: checking whether we are using the GNU C++ compiler
configure:12986: g++ -c -O2 -DNDEBUG  conftest.cpp >&5
configure:12986: $? = 0
configure:12995: result: yes
configure:13004: checking whether g++ accepts -g
configure:13024: g++ -c -g  conftest.cpp >&5
configure:13024: $? = 0
configure:13065: result: yes
configure:13090: checking dependency style of g++
configure:13201: result: gcc3
configure:13234: checking how to run the C++ preprocessor
configure:13261: g++ -E  conftest.cpp
configure:13261: $? = 0
configure:13275: g++ -E  conftest.cpp
conftest.cpp:28:28: fatal error: ac_nonexistent.h: No such file or directory
compilation terminated.
configure:13275: $? = 1
configure: failed program was:
| /* confdefs.h */
| #define PACKAGE_NAME "indexfs"
| #define PACKAGE_TARNAME "indexfs"
| #define PACKAGE_VERSION "0.4.1"
| #define PACKAGE_STRING "indexfs 0.4.1"
| #define PACKAGE_BUGREPORT ""
| #define PACKAGE_URL ""
| #define STDC_HEADERS 1
| #define HAVE_SYS_TYPES_H 1
| #define HAVE_SYS_STAT_H 1
| #define HAVE_STDLIB_H 1
| #define HAVE_STRING_H 1
| #define HAVE_MEMORY_H 1
| #define HAVE_STRINGS_H 1
| #define HAVE_INTTYPES_H 1
| #define HAVE_STDINT_H 1
| #define HAVE_UNISTD_H 1
| #define __EXTENSIONS__ 1
| #define _ALL_SOURCE 1
| #define _GNU_SOURCE 1
| #define _POSIX_PTHREAD_SEMANTICS 1
| #define _TANDEM_SOURCE 1
| #define PACKAGE "indexfs"
| #define VERSION "0.4.1"
| #define HAVE_DLFCN_H 1
| #define LT_OBJDIR ".libs/"
| /* end confdefs.h.  */
| #include <ac_nonexistent.h>
configure:13300: result: g++ -E
configure:13320: g++ -E  conftest.cpp
configure:13320: $? = 0
configure:13334: g++ -E  conftest.cpp
conftest.cpp:28:28: fatal error: ac_nonexistent.h: No such file or directory
compilation terminated.
configure:13334: $? = 1
configure: failed program was:
| /* confdefs.h */
| #define PACKAGE_NAME "indexfs"
| #define PACKAGE_TARNAME "indexfs"
| #define PACKAGE_VERSION "0.4.1"
| #define PACKAGE_STRING "indexfs 0.4.1"
| #define PACKAGE_BUGREPORT ""
| #define PACKAGE_URL ""
| #define STDC_HEADERS 1
| #define HAVE_SYS_TYPES_H 1
| #define HAVE_SYS_STAT_H 1
| #define HAVE_STDLIB_H 1
| #define HAVE_STRING_H 1
| #define HAVE_MEMORY_H 1
| #define HAVE_STRINGS_H 1
| #define HAVE_INTTYPES_H 1
| #define HAVE_STDINT_H 1
| #define HAVE_UNISTD_H 1
| #define __EXTENSIONS__ 1
| #define _ALL_SOURCE 1
| #define _GNU_SOURCE 1
| #define _POSIX_PTHREAD_SEMANTICS 1
| #define _TANDEM_SOURCE 1
| #define PACKAGE "indexfs"
| #define VERSION "0.4.1"
| #define HAVE_DLFCN_H 1
| #define LT_OBJDIR ".libs/"
| /* end confdefs.h.  */
| #include <ac_nonexistent.h>
configure:13496: checking for ld used by g++
configure:13563: result: /usr/bin/ld -m elf_x86_64
configure:13570: checking if the linker (/usr/bin/ld -m elf_x86_64) is GNU ld
configure:13585: result: yes
configure:13640: checking whether the g++ linker (/usr/bin/ld -m elf_x86_64) supports shared libraries
configure:14713: result: yes
configure:14749: g++ -c -O2 -DNDEBUG  conftest.cpp >&5
configure:14752: $? = 0
configure:15233: checking for g++ option to produce PIC
configure:15240: result: -fPIC -DPIC
configure:15248: checking if g++ PIC flag -fPIC -DPIC works
configure:15266: g++ -c -O2 -DNDEBUG  -fPIC -DPIC -DPIC conftest.cpp >&5
configure:15270: $? = 0
configure:15283: result: yes
configure:15306: checking if g++ static flag -static works
configure:15334: result: yes
configure:15346: checking if g++ supports -c -o file.o
configure:15367: g++ -c -O2 -DNDEBUG  -o out/conftest2.o conftest.cpp >&5
configure:15371: $? = 0
configure:15393: result: yes
configure:15398: checking if g++ supports -c -o file.o
configure:15445: result: yes
configure:15475: checking whether the g++ linker (/usr/bin/ld -m elf_x86_64) supports shared libraries
configure:15518: result: yes
configure:15659: checking dynamic linker characteristics
configure:16416: result: GNU/Linux ld.so
configure:16481: checking how to hardcode library paths into programs
configure:16506: result: immediate
configure:16594: checking for gcc
configure:16621: result: gcc
configure:16850: checking for C compiler version
configure:16859: gcc --version >&5
gcc (Ubuntu 7.5.0-3ubuntu1~18.04) 7.5.0
Copyright (C) 2017 Free Software Foundation, Inc.
This is free software; see the source for copying conditions.  There is NO
warranty; not even for MERCHANTABILITY or FITNESS FOR A PARTICULAR PURPOSE.

configure:16870: $? = 0
configure:16859: gcc -v >&5
Using built-in specs.
COLLECT_GCC=gcc
COLLECT_LTO_WRAPPER=/usr/lib/gcc/x86_64-linux-gnu/7/lto-wrapper
OFFLOAD_TARGET_NAMES=nvptx-none
OFFLOAD_TARGET_DEFAULT=1
Target: x86_64-linux-gnu
Configured with: ../src/configure -v --with-pkgversion='Ubuntu 7.5.0-3ubuntu1~18.04' --with-bugurl=file:///usr/share/doc/gcc-7/README.Bugs --enable-languages=c,ada,c++,go,brig,d,fortran,objc,obj-c++ --prefix=/usr --with-gcc-major-version-only --program-suffix=-7 --program-prefix=x86_64-linux-gnu- --enable-shared --enable-linker-build-id --libexecdir=/usr/lib --without-included-gettext --enable-threads=posix --libdir=/usr/lib --enable-nls --enable-bootstrap --enable-clocale=gnu --enable-libstdcxx-debug --enable-libstdcxx-time=yes --with-default-libstdcxx-abi=new --enable-gnu-unique-object --disable-vtable-verify --enable-libmpx --enable-plugin --enable-default-pie --with-system-zlib --with-target-system-zlib --enable-objc-gc=auto --enable-multiarch --disable-werror --with-arch-32=i686 --with-abi=m64 --with-multilib-list=m32,m64,mx32 --enable-multilib --with-tune=generic --enable-offload-targets=nvptx-none --without-cuda-driver --enable-checking=release --build=x86_64-linux-gnu --host=x86_64-linux-gnu --target=x86_64-linux-gnu
Thread model: posix
gcc version 7.5.0 (Ubuntu 7.5.0-3ubuntu1~18.04) 
configure:16870: $? = 0
configure:16859: gcc -V >&5
gcc: error: unrecognized command line option '-V'
gcc: fatal error: no input files
compilation terminated.
configure:16870: $? = 1
configure:16859: gcc -qversion >&5
gcc: error: unrecognized command line option '-qversion'; did you mean '--version'?
gcc: fatal error: no input files
compilation terminated.
configure:16870: $? = 1
configure:16874: checking whether we are using the GNU C compiler
configure:16902: result: yes
configure:16911: checking whether gcc accepts -g
configure:16972: result: yes
configure:16989: checking for gcc option to accept ISO C89
configure:17065: result: none needed
configure:17090: checking whether gcc understands -c and -o together
configure:17127: result: yes
configure:17144: checking whether ln -s works
configure:17148: result: yes
configure:17156: checking whether make sets $(MAKE)
configure:17178: result: yes
configure:17200: checking netinet/in.h usability
configure:17200: g++ -c -O2 -DNDEBUG  conftest.cpp >&5
configure:17200: $? = 0
configure:17200: result: yes
configure:17200: checking netinet/in.h presence
configure:17200: g++ -E  conftest.cpp
configure:17200: $? = 0
configure:17200: result: yes
configure:17200: checking for netinet/in.h
configure:17200: result: yes
configure:17211: checking for inline
configure:17227: g++ -c -O2 -DNDEBUG  conftest.cpp >&5
configure:17227: $? = 0
configure:17235: result: inline
configure:17253: checking for int16_t
configure:17253: g++ -c -O2 -DNDEBUG  conftest.cpp >&5
configure:17253: $? = 0
configure:17253: g++ -c -O2 -DNDEBUG  conftest.cpp >&5
conftest.cpp: In function 'int main()':
conftest.cpp:67:58: error: size of array 'test_array' is negative
    < (int16_t) (((((int16_t) 1 << N) << N) - 1) * 2 + 2))];
                                                          ^
configure:17253: $? = 1
configure: failed program was:
| /* confdefs.h */
| #define PACKAGE_NAME "indexfs"
| #define PACKAGE_TARNAME "indexfs"
| #define PACKAGE_VERSION "0.4.1"
| #define PACKAGE_STRING "indexfs 0.4.1"
| #define PACKAGE_BUGREPORT ""
| #define PACKAGE_URL ""
| #define STDC_HEADERS 1
| #define HAVE_SYS_TYPES_H 1
| #define HAVE_SYS_STAT_H 1
| #define HAVE_STDLIB_H 1
| #define HAVE_STRING_H 1
| #define HAVE_MEMORY_H 1
| #define HAVE_STRINGS_H 1
| #define HAVE_INTTYPES_H 1
| #define HAVE_STDINT_H 1
| #define HAVE_UNISTD_H 1
| #define __EXTENSIONS__ 1
| #define _ALL_SOURCE 1
| #define _GNU_SOURCE 1
| #define _POSIX_PTHREAD_SEMANTICS 1
| #define _TANDEM_SOURCE 1
| #define PACKAGE "indexfs"
| #define VERSION "0.4.1"
| #define HAVE_DLFCN_H 1
| #define LT_OBJDIR ".libs/"
| #define HAVE_NETINET_IN_H 1
| /* end confdefs.h.  */
| #include <stdio.h>
| #ifdef HAVE_SYS_TYPES_H
| # include <sys/types.h>
| #endif
| #ifdef HAVE_SYS_STAT_H
| # include <sys/stat.h>
| #endif
| #ifdef STDC_HEADERS
| # include <stdlib.h>
| # include <stddef.h>
| #else
| # ifdef HAVE_STDLIB_H
| #  include <stdlib.h>
| # endif
| #endif
| #ifdef HAVE_STRING_H
| # if !defined STDC_HEADERS && defined HAVE_MEMORY_H
| #  include <memory.h>
| # endif
| # include <string.h>
| #endif
| #ifdef HAVE_STRINGS_H
| # include <strings.h>
| #endif
| #ifdef HAVE_INTTYPES_H
| # include <inttypes.h>
| #endif
| #ifdef HAVE_STDINT_H
| # include <stdint.h>
| #endif
| #ifdef HAVE_UNISTD_H
| # include <unistd.h>
| #endif
| 	        enum { N = 16 / 2 - 1 };
| int
| main ()
| {
| static int test_array [1 - 2 * !((int16_t) (((((int16_t) 1 << N) << N) - 1) * 2 + 1)
| 		 < (int16_t) (((((int16_t) 1 << N) << N) - 1) * 2 + 2))];
| test_array [0] = 0;
| return test_array [0];
| 
|   ;
|   return 0;
| }
configure:17253: result: yes
configure:17264: checking for int32_t
configure:17264: g++ -c -O2 -DNDEBUG  conftest.cpp >&5
configure:17264: $? = 0
configure:17264: g++ -c -O2 -DNDEBUG  conftest.cpp >&5
conftest.cpp: In function 'int main()':
conftest.cpp:67:53: warning: integer overflow in expression [-Woverflow]
    < (int32_t) (((((int32_t) 1 << N) << N) - 1) * 2 + 2))];
                                                     ^
conftest.cpp:67:58: error: size of array 'test_array' is negative
    < (int32_t) (((((int32_t) 1 << N) << N) - 1) * 2 + 2))];
                                                          ^
configure:17264: $? = 1
configure: failed program was:
| /* confdefs.h */
| #define PACKAGE_NAME "indexfs"
| #define PACKAGE_TARNAME "indexfs"
| #define PACKAGE_VERSION "0.4.1"
| #define PACKAGE_STRING "indexfs 0.4.1"
| #define PACKAGE_BUGREPORT ""
| #define PACKAGE_URL ""
| #define STDC_HEADERS 1
| #define HAVE_SYS_TYPES_H 1
| #define HAVE_SYS_STAT_H 1
| #define HAVE_STDLIB_H 1
| #define HAVE_STRING_H 1
| #define HAVE_MEMORY_H 1
| #define HAVE_STRINGS_H 1
| #define HAVE_INTTYPES_H 1
| #define HAVE_STDINT_H 1
| #define HAVE_UNISTD_H 1
| #define __EXTENSIONS__ 1
| #define _ALL_SOURCE 1
| #define _GNU_SOURCE 1
| #define _POSIX_PTHREAD_SEMANTICS 1
| #define _TANDEM_SOURCE 1
| #define PACKAGE "indexfs"
| #define VERSION "0.4.1"
| #define HAVE_DLFCN_H 1
| #define LT_OBJDIR ".libs/"
| #define HAVE_NETINET_IN_H 1
| /* end confdefs.h.  */
| #include <stdio.h>
| #ifdef HAVE_SYS_TYPES_H
| # include <sys/types.h>
| #endif
| #ifdef HAVE_SYS_STAT_H
| # include <sys/stat.h>
| #endif
| #ifdef STDC_HEADERS
| # include <stdlib.h>
| # include <stddef.h>
| #else
| # ifdef HAVE_STDLIB_H
| #  include <stdlib.h>
| # endif
| #endif
| #ifdef HAVE_STRING_H
| # if !defined STDC_HEADERS && defined HAVE_MEMORY_H
| #  include <memory.h>
| # endif
| # include <string.h>
| #endif
| #ifdef HAVE_STRINGS_H
| # include <strings.h>
| #endif
| #ifdef HAVE_INTTYPES_H
| # include <inttypes.h>
| #endif
| #ifdef HAVE_STDINT_H
| # include <stdint.h>
| #endif
| #ifdef HAVE_UNISTD_H
| # include <unistd.h>
| #endif
| 	        enum { N = 32 / 2 - 1 };
| int
| main ()
| {
| static int test_array [1 - 2 * !((int32_t) (((((int32_t) 1 << N) << N) - 1) * 2 + 1)
| 		 < (int32_t) (((((int32_t) 1 << N) << N) - 1) * 2 + 2))];
| test_array [0] = 0;
| return test_array [0];
| 
|   ;
|   return 0;
| }
configure:17264: result: yes
configure:17275: checking for int64_t
configure:17275: g++ -c -O2 -DNDEBUG  conftest.cpp >&5
configure:17275: $? = 0
configure:17275: g++ -c -O2 -DNDEBUG  conftest.cpp >&5
conftest.cpp: In function 'int main()':
conftest.cpp:67:53: warning: integer overflow in expression [-Woverflow]
    < (int64_t) (((((int64_t) 1 << N) << N) - 1) * 2 + 2))];
                                                     ^
conftest.cpp:67:58: error: size of array 'test_array' is negative
    < (int64_t) (((((int64_t) 1 << N) << N) - 1) * 2 + 2))];
                                                          ^
configure:17275: $? = 1
configure: failed program was:
| /* confdefs.h */
| #define PACKAGE_NAME "indexfs"
| #define PACKAGE_TARNAME "indexfs"
| #define PACKAGE_VERSION "0.4.1"
| #define PACKAGE_STRING "indexfs 0.4.1"
| #define PACKAGE_BUGREPORT ""
| #define PACKAGE_URL ""
| #define STDC_HEADERS 1
| #define HAVE_SYS_TYPES_H 1
| #define HAVE_SYS_STAT_H 1
| #define HAVE_STDLIB_H 1
| #define HAVE_STRING_H 1
| #define HAVE_MEMORY_H 1
| #define HAVE_STRINGS_H 1
| #define HAVE_INTTYPES_H 1
| #define HAVE_STDINT_H 1
| #define HAVE_UNISTD_H 1
| #define __EXTENSIONS__ 1
| #define _ALL_SOURCE 1
| #define _GNU_SOURCE 1
| #define _POSIX_PTHREAD_SEMANTICS 1
| #define _TANDEM_SOURCE 1
| #define PACKAGE "indexfs"
| #define VERSION "0.4.1"
| #define HAVE_DLFCN_H 1
| #define LT_OBJDIR ".libs/"
| #define HAVE_NETINET_IN_H 1
| /* end confdefs.h.  */
| #include <stdio.h>
| #ifdef HAVE_SYS_TYPES_H
| # include <sys/types.h>
| #endif
| #ifdef HAVE_SYS_STAT_H
| # include <sys/stat.h>
| #endif
| #ifdef STDC_HEADERS
| # include <stdlib.h>
| # include <stddef.h>
| #else
| # ifdef HAVE_STDLIB_H
| #  include <stdlib.h>
| # endif
| #endif
| #ifdef HAVE_STRING_H
| # if !defined STDC_HEADERS && defined HAVE_MEMORY_H
| #  include <memory.h>
| # endif
| # include <string.h>
| #endif
| #ifdef HAVE_STRINGS_H
| # include <strings.h>
| #endif
| #ifdef HAVE_INTTYPES_H
| # include <inttypes.h>
| #endif
| #ifdef HAVE_STDINT_H
| # include <stdint.h>
| #endif
| #ifdef HAVE_UNISTD_H
| # include <unistd.h>
| #endif
| 	        enum { N = 64 / 2 - 1 };
| int
| main ()
| {
| static int test_array [1 - 2 * !((int64_t) (((((int64_t) 1 << N) << N) - 1) * 2 + 1)
| 		 < (int64_t) (((((int64_t) 1 << N) << N) - 1) * 2 + 2))];
| test_array [0] = 0;
| return test_array [0];
| 
|   ;
|   return 0;
| }
configure:17275: result: yes
configure:17286: checking for int8_t
configure:17286: g++ -c -O2 -DNDEBUG  conftest.cpp >&5
configure:17286: $? = 0
configure:17286: g++ -c -O2 -DNDEBUG  conftest.cpp >&5
conftest.cpp: In function 'int main()':
conftest.cpp:67:56: error: size of array 'test_array' is negative
    < (int8_t) (((((int8_t) 1 << N) << N) - 1) * 2 + 2))];
                                                        ^
configure:17286: $? = 1
configure: failed program was:
| /* confdefs.h */
| #define PACKAGE_NAME "indexfs"
| #define PACKAGE_TARNAME "indexfs"
| #define PACKAGE_VERSION "0.4.1"
| #define PACKAGE_STRING "indexfs 0.4.1"
| #define PACKAGE_BUGREPORT ""
| #define PACKAGE_URL ""
| #define STDC_HEADERS 1
| #define HAVE_SYS_TYPES_H 1
| #define HAVE_SYS_STAT_H 1
| #define HAVE_STDLIB_H 1
| #define HAVE_STRING_H 1
| #define HAVE_MEMORY_H 1
| #define HAVE_STRINGS_H 1
| #define HAVE_INTTYPES_H 1
| #define HAVE_STDINT_H 1
| #define HAVE_UNISTD_H 1
| #define __EXTENSIONS__ 1
| #define _ALL_SOURCE 1
| #define _GNU_SOURCE 1
| #define _POSIX_PTHREAD_SEMANTICS 1
| #define _TANDEM_SOURCE 1
| #define PACKAGE "indexfs"
| #define VERSION "0.4.1"
| #define HAVE_DLFCN_H 1
| #define LT_OBJDIR ".libs/"
| #define HAVE_NETINET_IN_H 1
| /* end confdefs.h.  */
| #include <stdio.h>
| #ifdef HAVE_SYS_TYPES_H
| # include <sys/types.h>
| #endif
| #ifdef HAVE_SYS_STAT_H
| # include <sys/stat.h>
| #endif
| #ifdef STDC_HEADERS
| # include <stdlib.h>
| # include <stddef.h>
| #else
| # ifdef HAVE_STDLIB_H
| #  include <stdlib.h>
| # endif
| #endif
| #ifdef HAVE_STRING_H
| # if !defined STDC_HEADERS && defined HAVE_MEMORY_H
| #  include <memory.h>
| # endif
| # include <string.h>
| #endif
| #ifdef HAVE_STRINGS_H
| # include <strings.h>
| #endif
| #ifdef HAVE_INTTYPES_H
| # include <inttypes.h>
| #endif
| #ifdef HAVE_STDINT_H
| # include <stdint.h>
| #endif
| #ifdef HAVE_UNISTD_H
| # include <unistd.h>
| #endif
| 	        enum { N = 8 / 2 - 1 };
| int
| main ()
| {
| static int test_array [1 - 2 * !((int8_t) (((((int8_t) 1 << N) << N) - 1) * 2 + 1)
| 		 < (int8_t) (((((int8_t) 1 << N) << N) - 1) * 2 + 2))];
| test_array [0] = 0;
| return test_array [0];
| 
|   ;
|   return 0;
| }
configure:17286: result: yes
configure:17297: checking for mode_t
configure:17297: g++ -c -O2 -DNDEBUG  conftest.cpp >&5
configure:17297: $? = 0
configure:17297: g++ -c -O2 -DNDEBUG  conftest.cpp >&5
conftest.cpp: In function 'int main()':
conftest.cpp:65:20: error: expected primary-expression before ')' token
 if (sizeof ((mode_t)))
                    ^
configure:17297: $? = 1
configure: failed program was:
| /* confdefs.h */
| #define PACKAGE_NAME "indexfs"
| #define PACKAGE_TARNAME "indexfs"
| #define PACKAGE_VERSION "0.4.1"
| #define PACKAGE_STRING "indexfs 0.4.1"
| #define PACKAGE_BUGREPORT ""
| #define PACKAGE_URL ""
| #define STDC_HEADERS 1
| #define HAVE_SYS_TYPES_H 1
| #define HAVE_SYS_STAT_H 1
| #define HAVE_STDLIB_H 1
| #define HAVE_STRING_H 1
| #define HAVE_MEMORY_H 1
| #define HAVE_STRINGS_H 1
| #define HAVE_INTTYPES_H 1
| #define HAVE_STDINT_H 1
| #define HAVE_UNISTD_H 1
| #define __EXTENSIONS__ 1
| #define _ALL_SOURCE 1
| #define _GNU_SOURCE 1
| #define _POSIX_PTHREAD_SEMANTICS 1
| #define _TANDEM_SOURCE 1
| #define PACKAGE "indexfs"
| #define VERSION "0.4.1"
| #define HAVE_DLFCN_H 1
| #define LT_OBJDIR ".libs/"
| #define HAVE_NETINET_IN_H 1
| /* end confdefs.h.  */
| #include <stdio.h>
| #ifdef HAVE_SYS_TYPES_H
| # include <sys/types.h>
| #endif
| #ifdef HAVE_SYS_STAT_H
| # include <sys/stat.h>
| #endif
| #ifdef STDC_HEADERS
| # include <stdlib.h>
| # include <stddef.h>
| #else
| # ifdef HAVE_STDLIB_H
| #  include <stdlib.h>
| # endif
| #endif
| #ifdef HAVE_STRING_H
| # if !defined STDC_HEADERS && defined HAVE_MEMORY_H
| #  include <memory.h>
| # endif
| # include <string.h>
| #endif
| #ifdef HAVE_STRINGS_H
| # include <strings.h>
| #endif
| #ifdef HAVE_INTTYPES_H
| # include <inttypes.h>
| #endif
| #ifdef HAVE_STDINT_H
| # include <stdint.h>
| #endif
| #ifdef HAVE_UNISTD_H
| # include <unistd.h>
| #endif
| int
| main ()
| {
| if (sizeof ((mode_t)))
| 	    return 0;
|   ;
|   return 0;
| }
configure:17297: result: yes
configure:17308: checking for off_t
configure:17308: g++ -c -O2 -DNDEBUG  conftest.cpp >&5
configure:17308: $? = 0
configure:17308: g++ -c -O2 -DNDEBUG  conftest.cpp >&5
conftest.cpp: In function 'int main()':
conftest.cpp:65:19: error: expected primary-expression before ')' token
 if (sizeof ((off_t)))
                   ^
configure:17308: $? = 1
configure: failed program was:
| /* confdefs.h */
| #define PACKAGE_NAME "indexfs"
| #define PACKAGE_TARNAME "indexfs"
| #define PACKAGE_VERSION "0.4.1"
| #define PACKAGE_STRING "indexfs 0.4.1"
| #define PACKAGE_BUGREPORT ""
| #define PACKAGE_URL ""
| #define STDC_HEADERS 1
| #define HAVE_SYS_TYPES_H 1
| #define HAVE_SYS_STAT_H 1
| #define HAVE_STDLIB_H 1
| #define HAVE_STRING_H 1
| #define HAVE_MEMORY_H 1
| #define HAVE_STRINGS_H 1
| #define HAVE_INTTYPES_H 1
| #define HAVE_STDINT_H 1
| #define HAVE_UNISTD_H 1
| #define __EXTENSIONS__ 1
| #define _ALL_SOURCE 1
| #define _GNU_SOURCE 1
| #define _POSIX_PTHREAD_SEMANTICS 1
| #define _TANDEM_SOURCE 1
| #define PACKAGE "indexfs"
| #define VERSION "0.4.1"
| #define HAVE_DLFCN_H 1
| #define LT_OBJDIR ".libs/"
| #define HAVE_NETINET_IN_H 1
| /* end confdefs.h.  */
| #include <stdio.h>
| #ifdef HAVE_SYS_TYPES_H
| # include <sys/types.h>
| #endif
| #ifdef HAVE_SYS_STAT_H
| # include <sys/stat.h>
| #endif
| #ifdef STDC_HEADERS
| # include <stdlib.h>
| # include <stddef.h>
| #else
| # ifdef HAVE_STDLIB_H
| #  include <stdlib.h>
| # endif
| #endif
| #ifdef HAVE_STRING_H
| # if !defined STDC_HEADERS && defined HAVE_MEMORY_H
| #  include <memory.h>
| # endif
| # include <string.h>
| #endif
| #ifdef HAVE_STRINGS_H
| # include <strings.h>
| #endif
| #ifdef HAVE_INTTYPES_H
| # include <inttypes.h>
| #endif
| #ifdef HAVE_STDINT_H
| # include <stdint.h>
| #endif
| #ifdef HAVE_UNISTD_H
| # include <unistd.h>
| #endif
| int
| main ()
| {
| if (sizeof ((off_t)))
| 	    return 0;
|   ;
|   return 0;
| }
configure:17308: result: yes
configure:17319: checking for pid_t
configure:17319: g++ -c -O2 -DNDEBUG  conftest.cpp >&5
configure:17319: $? = 0
configure:17319: g++ -c -O2 -DNDEBUG  conftest.cpp >&5
conftest.cpp: In function 'int main()':
conftest.cpp:65:19: error: expected primary-expression before ')' token
 if (sizeof ((pid_t)))
                   ^
configure:17319: $? = 1
configure: failed program was:
| /* confdefs.h */
| #define PACKAGE_NAME "indexfs"
| #define PACKAGE_TARNAME "indexfs"
| #define PACKAGE_VERSION "0.4.1"
| #define PACKAGE_STRING "indexfs 0.4.1"
| #define PACKAGE_BUGREPORT ""
| #define PACKAGE_URL ""
| #define STDC_HEADERS 1
| #define HAVE_SYS_TYPES_H 1
| #define HAVE_SYS_STAT_H 1
| #define HAVE_STDLIB_H 1
| #define HAVE_STRING_H 1
| #define HAVE_MEMORY_H 1
| #define HAVE_STRINGS_H 1
| #define HAVE_INTTYPES_H 1
| #define HAVE_STDINT_H 1
| #define HAVE_UNISTD_H 1
| #define __EXTENSIONS__ 1
| #define _ALL_SOURCE 1
| #define _GNU_SOURCE 1
| #define _POSIX_PTHREAD_SEMANTICS 1
| #define _TANDEM_SOURCE 1
| #define PACKAGE "indexfs"
| #define VERSION "0.4.1"
| #define HAVE_DLFCN_H 1
| #define LT_OBJDIR ".libs/"
| #define HAVE_NETINET_IN_H 1
| /* end confdefs.h.  */
| #include <stdio.h>
| #ifdef HAVE_SYS_TYPES_H
| # include <sys/types.h>
| #endif
| #ifdef HAVE_SYS_STAT_H
| # include <sys/stat.h>
| #endif
| #ifdef STDC_HEADERS
| # include <stdlib.h>
| # include <stddef.h>
| #else
| # ifdef HAVE_STDLIB_H
| #  include <stdlib.h>
| # endif
| #endif
| #ifdef HAVE_STRING_H
| # if !defined STDC_HEADERS && defined HAVE_MEMORY_H
| #  include <memory.h>
| # endif
| # include <string.h>
| #endif
| #ifdef HAVE_STRINGS_H
| # include <strings.h>
| #endif
| #ifdef HAVE_INTTYPES_H
| # include <inttypes.h>
| #endif
| #ifdef HAVE_STDINT_H
| # include <stdint.h>
| #endif
| #ifdef HAVE_UNISTD_H
| # include <unistd.h>
| #endif
| int
| main ()
| {
| if (sizeof ((pid_t)))
| 	    return 0;
|   ;
|   return 0;
| }
configure:17319: result: yes
configure:17330: checking for size_t
configure:17330: g++ -c -O2 -DNDEBUG  conftest.cpp >&5
configure:17330: $? = 0
configure:17330: g++ -c -O2 -DNDEBUG  conftest.cpp >&5
conftest.cpp: In function 'int main()':
conftest.cpp:65:20: error: expected primary-expression before ')' token
 if (sizeof ((size_t)))
                    ^
configure:17330: $? = 1
configure: failed program was:
| /* confdefs.h */
| #define PACKAGE_NAME "indexfs"
| #define PACKAGE_TARNAME "indexfs"
| #define PACKAGE_VERSION "0.4.1"
| #define PACKAGE_STRING "indexfs 0.4.1"
| #define PACKAGE_BUGREPORT ""
| #define PACKAGE_URL ""
| #define STDC_HEADERS 1
| #define HAVE_SYS_TYPES_H 1
| #define HAVE_SYS_STAT_H 1
| #define HAVE_STDLIB_H 1
| #define HAVE_STRING_H 1
| #define HAVE_MEMORY_H 1
| #define HAVE_STRINGS_H 1
| #define HAVE_INTTYPES_H 1
| #define HAVE_STDINT_H 1
| #define HAVE_UNISTD_H 1
| #define __EXTENSIONS__ 1
| #define _ALL_SOURCE 1
| #define _GNU_SOURCE 1
| #define _POSIX_PTHREAD_SEMANTICS 1
| #define _TANDEM_SOURCE 1
| #define PACKAGE "indexfs"
| #define VERSION "0.4.1"
| #define HAVE_DLFCN_H 1
| #define LT_OBJDIR ".libs/"
| #define HAVE_NETINET_IN_H 1
| /* end confdefs.h.  */
| #include <stdio.h>
| #ifdef HAVE_SYS_TYPES_H
| # include <sys/types.h>
| #endif
| #ifdef HAVE_SYS_STAT_H
| # include <sys/stat.h>
| #endif
| #ifdef STDC_HEADERS
| # include <stdlib.h>
| # include <stddef.h>
| #else
| # ifdef HAVE_STDLIB_H
| #  include <stdlib.h>
| # endif
| #endif
| #ifdef HAVE_STRING_H
| # if !defined STDC_HEADERS && defined HAVE_MEMORY_H
| #  include <memory.h>
| # endif
| # include <string.h>
| #endif
| #ifdef HAVE_STRINGS_H
| # include <strings.h>
| #endif
| #ifdef HAVE_INTTYPES_H
| # include <inttypes.h>
| #endif
| #ifdef HAVE_STDINT_H
| # include <stdint.h>
| #endif
| #ifdef HAVE_UNISTD_H
| # include <unistd.h>
| #endif
| int
| main ()
| {
| if (sizeof ((size_t)))
| 	    return 0;
|   ;
|   return 0;
| }
configure:17330: result: yes
configure:17341: checking for ssize_t
configure:17341: g++ -c -O2 -DNDEBUG  conftest.cpp >&5
configure:17341: $? = 0
configure:17341: g++ -c -O2 -DNDEBUG  conftest.cpp >&5
conftest.cpp: In function 'int main()':
conftest.cpp:65:21: error: expected primary-expression before ')' token
 if (sizeof ((ssize_t)))
                     ^
configure:17341: $? = 1
configure: failed program was:
| /* confdefs.h */
| #define PACKAGE_NAME "indexfs"
| #define PACKAGE_TARNAME "indexfs"
| #define PACKAGE_VERSION "0.4.1"
| #define PACKAGE_STRING "indexfs 0.4.1"
| #define PACKAGE_BUGREPORT ""
| #define PACKAGE_URL ""
| #define STDC_HEADERS 1
| #define HAVE_SYS_TYPES_H 1
| #define HAVE_SYS_STAT_H 1
| #define HAVE_STDLIB_H 1
| #define HAVE_STRING_H 1
| #define HAVE_MEMORY_H 1
| #define HAVE_STRINGS_H 1
| #define HAVE_INTTYPES_H 1
| #define HAVE_STDINT_H 1
| #define HAVE_UNISTD_H 1
| #define __EXTENSIONS__ 1
| #define _ALL_SOURCE 1
| #define _GNU_SOURCE 1
| #define _POSIX_PTHREAD_SEMANTICS 1
| #define _TANDEM_SOURCE 1
| #define PACKAGE "indexfs"
| #define VERSION "0.4.1"
| #define HAVE_DLFCN_H 1
| #define LT_OBJDIR ".libs/"
| #define HAVE_NETINET_IN_H 1
| /* end confdefs.h.  */
| #include <stdio.h>
| #ifdef HAVE_SYS_TYPES_H
| # include <sys/types.h>
| #endif
| #ifdef HAVE_SYS_STAT_H
| # include <sys/stat.h>
| #endif
| #ifdef STDC_HEADERS
| # include <stdlib.h>
| # include <stddef.h>
| #else
| # ifdef HAVE_STDLIB_H
| #  include <stdlib.h>
| # endif
| #endif
| #ifdef HAVE_STRING_H
| # if !defined STDC_HEADERS && defined HAVE_MEMORY_H
| #  include <memory.h>
| # endif
| # include <string.h>
| #endif
| #ifdef HAVE_STRINGS_H
| # include <strings.h>
| #endif
| #ifdef HAVE_INTTYPES_H
| # include <inttypes.h>
| #endif
| #ifdef HAVE_STDINT_H
| # include <stdint.h>
| #endif
| #ifdef HAVE_UNISTD_H
| # include <unistd.h>
| #endif
| int
| main ()
| {
| if (sizeof ((ssize_t)))
| 	    return 0;
|   ;
|   return 0;
| }
configure:17341: result: yes
configure:17352: checking for uid_t in sys/types.h
configure:17371: result: yes
configure:17382: checking for uint16_t
configure:17382: g++ -c -O2 -DNDEBUG  conftest.cpp >&5
configure:17382: $? = 0
configure:17382: result: yes
configure:17394: checking for uint32_t
configure:17394: g++ -c -O2 -DNDEBUG  conftest.cpp >&5
configure:17394: $? = 0
configure:17394: result: yes
configure:17408: checking for uint64_t
configure:17408: g++ -c -O2 -DNDEBUG  conftest.cpp >&5
configure:17408: $? = 0
configure:17408: result: yes
configure:17422: checking for uint8_t
configure:17422: g++ -c -O2 -DNDEBUG  conftest.cpp >&5
configure:17422: $? = 0
configure:17422: result: yes
configure:17437: checking for error_at_line
configure:17453: g++ -o conftest -O2 -DNDEBUG   conftest.cpp  >&5
configure:17453: $? = 0
configure:17461: result: yes
configure:17474: checking for stdlib.h
configure:17474: result: yes
configure:17484: checking for GNU libc compatible malloc
configure:17508: g++ -o conftest -O2 -DNDEBUG   conftest.cpp  >&5
configure:17508: $? = 0
configure:17508: ./conftest
configure:17508: $? = 0
configure:17518: result: yes
configure:17545: checking for stdlib.h
configure:17545: result: yes
configure:17545: checking for unistd.h
configure:17545: result: yes
configure:17545: checking for sys/param.h
configure:17545: g++ -c -O2 -DNDEBUG  conftest.cpp >&5
configure:17545: $? = 0
configure:17545: result: yes
configure:17565: checking for getpagesize
configure:17565: g++ -o conftest -O2 -DNDEBUG   conftest.cpp  >&5
configure:17565: $? = 0
configure:17565: result: yes
configure:17574: checking for working mmap
configure:17723: g++ -o conftest -O2 -DNDEBUG   conftest.cpp  >&5
configure:17723: $? = 0
configure:17723: ./conftest
configure:17723: $? = 0
configure:17733: result: yes
configure:17742: checking whether lstat correctly handles trailing slash
configure:17768: g++ -o conftest -O2 -DNDEBUG   conftest.cpp  >&5
configure:17768: $? = 0
configure:17768: ./conftest
configure:17768: $? = 0
configure:17785: result: yes
configure:17812: checking for special C compiler options needed for large files
configure:17857: result: no
configure:17863: checking for _FILE_OFFSET_BITS value needed for large files
configure:17888: g++ -c -O2 -DNDEBUG  conftest.cpp >&5
configure:17888: $? = 0
configure:17920: result: no
configure:18014: checking for mpicc
configure:18030: found /usr/bin/mpicc
configure:18041: result: mpicc
configure:18062: checking for mpic++
configure:18078: found /usr/bin/mpic++
configure:18089: result: mpic++
configure:18107: checking for MPI_Init
configure:18107: mpic++ -o conftest -O2 -DNDEBUG   conftest.cpp  >&5
configure:18107: $? = 0
configure:18107: result: yes
configure:18200: checking for mpi.h
configure:18213: mpic++ -c -O2 -DNDEBUG  conftest.cpp >&5
configure:18213: $? = 0
configure:18214: result: yes
configure:18242: checking target os
configure:18278: result: Linux
configure:18286: checking whether C++ compiler accepts -std=c++0x
configure:18305: g++ -c -O2 -DNDEBUG  -std=c++0x  conftest.cpp >&5
configure:18305: $? = 0
configure:18313: result: yes
configure:18321: checking whether C++ compiler accepts -pthread
configure:18340: g++ -c -O2 -DNDEBUG  -pthread  conftest.cpp >&5
configure:18340: $? = 0
configure:18348: result: yes
configure:18356: checking whether C++ compiler accepts -fno-builtin-memcmp
configure:18375: g++ -c -O2 -DNDEBUG  -fno-builtin-memcmp  conftest.cpp >&5
configure:18375: $? = 0
configure:18383: result: yes
configure:18391: checking whether C++ compiler accepts -fno-builtin-memmove
configure:18410: g++ -c -O2 -DNDEBUG  -fno-builtin-memmove  conftest.cpp >&5
configure:18410: $? = 0
configure:18418: result: yes
configure:18434: checking for main in -lstdc++
configure:18453: g++ -o conftest -O2 -DNDEBUG   conftest.cpp -lstdc++   >&5
configure:18453: $? = 0
configure:18462: result: yes
configure:18480: checking for sin in -lm
configure:18505: g++ -o conftest -O2 -DNDEBUG   conftest.cpp -lm  -lstdc++  >&5
configure:18505: $? = 0
configure:18514: result: yes
configure:18532: checking for gzopen in -lz
configure:18557: g++ -o conftest -O2 -DNDEBUG   conftest.cpp -lz  -lm -lstdc++  >&5
configure:18557: $? = 0
configure:18566: result: yes
configure:18584: checking for dlopen in -ldl
configure:18609: g++ -o conftest -O2 -DNDEBUG   conftest.cpp -ldl  -lz -lm -lstdc++  >&5
configure:18609: $? = 0
configure:18618: result: yes
configure:18636: checking for pthread_create in -lpthread
configure:18661: g++ -o conftest -O2 -DNDEBUG   conftest.cpp -lpthread  -ldl -lz -lm -lstdc++  >&5
configure:18661: $? = 0
configure:18670: result: yes
configure:18693: checking for main in -lglog
configure:18712: g++ -o conftest -O2 -DNDEBUG   conftest.cpp -lglog  -lpthread -ldl -lz -lm -lstdc++  >&5
configure:18712: $? = 0
configure:18721: result: yes
configure:18739: checking for main in -lgflags
configure:18758: g++ -o conftest -O2 -DNDEBUG   conftest.cpp -lgflags  -lglog -lpthread -ldl -lz -lm -lstdc++  >&5
configure:18758: $? = 0
configure:18767: result: yes
configure:18785: checking for event_dispatch in -levent
configure:18810: g++ -o conftest -O2 -DNDEBUG   conftest.cpp -levent  -lgflags -lglog -lpthread -ldl -lz -lm -lstdc++  >&5
configure:18810: $? = 0
configure:18819: result: yes
configure:18837: checking for main in -lthrift
configure:18856: g++ -o conftest -O2 -DNDEBUG   conftest.cpp -lthrift  -levent -lgflags -lglog -lpthread -ldl -lz -lm -lstdc++  >&5
configure:18856: $? = 0
configure:18865: result: yes
configure:18883: checking for main in -lthriftnb
configure:18902: g++ -o conftest -O2 -DNDEBUG   conftest.cpp -lthriftnb  -lthrift -levent -lgflags -lglog -lpthread -ldl -lz -lm -lstdc++  >&5
configure:18902: $? = 0
configure:18911: result: yes
configure:18936: checking gflags/gflags.h usability
configure:18936: g++ -c -O2 -DNDEBUG  conftest.cpp >&5
configure:18936: $? = 0
configure:18936: result: yes
configure:18936: checking gflags/gflags.h presence
configure:18936: g++ -E  conftest.cpp
configure:18936: $? = 0
configure:18936: result: yes
configure:18936: checking for gflags/gflags.h
configure:18936: result: yes
configure:18953: checking glog/logging.h usability
configure:18953: g++ -c -O2 -DNDEBUG  conftest.cpp >&5
configure:18953: $? = 0
configure:18953: result: yes
configure:18953: checking glog/logging.h presence
configure:18953: g++ -E  conftest.cpp
configure:18953: $? = 0
configure:18953: result: yes
configure:18953: checking for glog/logging.h
configure:18953: result: yes
configure:18975: checking thrift/TProcessor.h usability
configure:18975: g++ -c -O2 -DNDEBUG  conftest.cpp >&5
configure:18975: $? = 0
configure:18975: result: yes
configure:18975: checking thrift/TProcessor.h presence
configure:18975: g++ -E  conftest.cpp
configure:18975: $? = 0
configure:18975: result: yes
configure:18975: checking for thrift/TProcessor.h
configure:18975: result: yes
configure:18975: checking thrift/protocol/TProtocol.h usability
configure:18975: g++ -c -O2 -DNDEBUG  conftest.cpp >&5
configure:18975: $? = 0
configure:18975: result: yes
configure:18975: checking thrift/protocol/TProtocol.h presence
configure:18975: g++ -E  conftest.cpp
configure:18975: $? = 0
configure:18975: result: yes
configure:18975: checking for thrift/protocol/TProtocol.h
configure:18975: result: yes
configure:18975: checking thrift/transport/TTransport.h usability
configure:18975: g++ -c -O2 -DNDEBUG  conftest.cpp >&5
configure:18975: $? = 0
configure:18975: result: yes
configure:18975: checking thrift/transport/TTransport.h presence
configure:18975: g++ -E  conftest.cpp
configure:18975: $? = 0
configure:18975: result: yes
configure:18975: checking for thrift/transport/TTransport.h
configure:18975: result: yes
configure:18975: checking thrift/concurrency/ThreadManager.h usability
configure:18975: g++ -c -O2 -DNDEBUG  conftest.cpp >&5
configure:18975: $? = 0
configure:18975: result: yes
configure:18975: checking thrift/concurrency/ThreadManager.h presence
configure:18975: g++ -E  conftest.cpp
configure:18975: $? = 0
configure:18975: result: yes
configure:18975: checking for thrift/concurrency/ThreadManager.h
configure:18975: result: yes
configure:18975: checking thrift/server/TServer.h usability
configure:18975: g++ -c -O2 -DNDEBUG  conftest.cpp >&5
configure:18975: $? = 0
configure:18975: result: yes
configure:18975: checking thrift/server/TServer.h presence
configure:18975: g++ -E  conftest.cpp
configure:18975: $? = 0
configure:18975: result: yes
configure:18975: checking for thrift/server/TServer.h
configure:18975: result: yes
configure:18997: checking for thrift
configure:19015: found /usr/local/bin/thrift
configure:19027: result: /usr/local/bin/thrift
configure:19695: checking fuse.h usability
configure:19695: g++ -c -O2 -DNDEBUG  -D_FILE_OFFSET_BITS=64 conftest.cpp >&5
configure:19695: $? = 0
configure:19695: result: yes
configure:19695: checking fuse.h presence
configure:19695: g++ -E  -D_FILE_OFFSET_BITS=64 conftest.cpp
configure:19695: $? = 0
configure:19695: result: yes
configure:19695: checking for fuse.h
configure:19695: result: yes
configure:19707: checking for fuse_main in -lfuse
configure:19732: g++ -o conftest -O2 -DNDEBUG  -D_FILE_OFFSET_BITS=64  conftest.cpp -lfuse  -lthriftnb -lthrift -levent -lgflags -lglog -lpthread -ldl -lz -lm -lstdc++  >&5
configure:19732: $? = 0
configure:19741: result: yes
configure:19792: checking zookeeper/zookeeper.h usability
configure:19792: g++ -c -O2 -DNDEBUG  conftest.cpp >&5
conftest.cpp:89:33: fatal error: zookeeper/zookeeper.h: No such file or directory
compilation terminated.
configure:19792: $? = 1
configure: failed program was:
| /* confdefs.h */
| #define PACKAGE_NAME "indexfs"
| #define PACKAGE_TARNAME "indexfs"
| #define PACKAGE_VERSION "0.4.1"
| #define PACKAGE_STRING "indexfs 0.4.1"
| #define PACKAGE_BUGREPORT ""
| #define PACKAGE_URL ""
| #define STDC_HEADERS 1
| #define HAVE_SYS_TYPES_H 1
| #define HAVE_SYS_STAT_H 1
| #define HAVE_STDLIB_H 1
| #define HAVE_STRING_H 1
| #define HAVE_MEMORY_H 1
| #define HAVE_STRINGS_H 1
| #define HAVE_INTTYPES_H 1
| #define HAVE_STDINT_H 1
| #define HAVE_UNISTD_H 1
| #define __EXTENSIONS__ 1
| #define _ALL_SOURCE 1
| #define _GNU_SOURCE 1
| #define _POSIX_PTHREAD_SEMANTICS 1
| #define _TANDEM_SOURCE 1
| #define PACKAGE "indexfs"
| #define VERSION "0.4.1"
| #define HAVE_DLFCN_H 1
| #define LT_OBJDIR ".libs/"
| #define HAVE_NETINET_IN_H 1
| #define HAVE_STDLIB_H 1
| #define HAVE_MALLOC 1
| #define HAVE_STDLIB_H 1
| #define HAVE_UNISTD_H 1
| #define HAVE_SYS_PARAM_H 1
| #define HAVE_GETPAGESIZE 1
| #define HAVE_MMAP 1
| #define LSTAT_FOLLOWS_SLASHED_SYMLINK 1
| #define HAVE_LIBSTDC__ 1
| #define HAVE_LIBM 1
| #define HAVE_LIBZ 1
| #define HAVE_LIBDL 1
| #define HAVE_LIBPTHREAD 1
| #define HAVE_LIBGLOG 1
| #define HAVE_LIBGFLAGS 1
| #define HAVE_LIBEVENT 1
| #define HAVE_LIBTHRIFT 1
| #define HAVE_LIBTHRIFTNB 1
| #define HAVE_GFLAGS_GFLAGS_H 1
| #define HAVE_GLOG_LOGGING_H 1
| #define HAVE_THRIFT_TPROCESSOR_H 1
| #define HAVE_THRIFT_PROTOCOL_TPROTOCOL_H 1
| #define HAVE_THRIFT_TRANSPORT_TTRANSPORT_H 1
| #define HAVE_THRIFT_CONCURRENCY_THREADMANAGER_H 1
| #define HAVE_THRIFT_SERVER_TSERVER_H 1
| #define HAVE_FUSE_H 1
| #define HAVE_LIBFUSE 1
| /* end confdefs.h.  */
| #include <stdio.h>
| #ifdef HAVE_SYS_TYPES_H
| # include <sys/types.h>
| #endif
| #ifdef HAVE_SYS_STAT_H
| # include <sys/stat.h>
| #endif
| #ifdef STDC_HEADERS
| # include <stdlib.h>
| # include <stddef.h>
| #else
| # ifdef HAVE_STDLIB_H
| #  include <stdlib.h>
| # endif
| #endif
| #ifdef HAVE_STRING_H
| # if !defined STDC_HEADERS && defined HAVE_MEMORY_H
| #  include <memory.h>
| # endif
| # include <string.h>
| #endif
| #ifdef HAVE_STRINGS_H
| # include <strings.h>
| #endif
| #ifdef HAVE_INTTYPES_H
| # include <inttypes.h>
| #endif
| #ifdef HAVE_STDINT_H
| # include <stdint.h>
| #endif
| #ifdef HAVE_UNISTD_H
| # include <unistd.h>
| #endif
| #include <zookeeper/zookeeper.h>
configure:19792: result: no
configure:19792: checking zookeeper/zookeeper.h presence
configure:19792: g++ -E  conftest.cpp
conftest.cpp:56:33: fatal error: zookeeper/zookeeper.h: No such file or directory
compilation terminated.
configure:19792: $? = 1
configure: failed program was:
| /* confdefs.h */
| #define PACKAGE_NAME "indexfs"
| #define PACKAGE_TARNAME "indexfs"
| #define PACKAGE_VERSION "0.4.1"
| #define PACKAGE_STRING "indexfs 0.4.1"
| #define PACKAGE_BUGREPORT ""
| #define PACKAGE_URL ""
| #define STDC_HEADERS 1
| #define HAVE_SYS_TYPES_H 1
| #define HAVE_SYS_STAT_H 1
| #define HAVE_STDLIB_H 1
| #define HAVE_STRING_H 1
| #define HAVE_MEMORY_H 1
| #define HAVE_STRINGS_H 1
| #define HAVE_INTTYPES_H 1
| #define HAVE_STDINT_H 1
| #define HAVE_UNISTD_H 1
| #define __EXTENSIONS__ 1
| #define _ALL_SOURCE 1
| #define _GNU_SOURCE 1
| #define _POSIX_PTHREAD_SEMANTICS 1
| #define _TANDEM_SOURCE 1
| #define PACKAGE "indexfs"
| #define VERSION "0.4.1"
| #define HAVE_DLFCN_H 1
| #define LT_OBJDIR ".libs/"
| #define HAVE_NETINET_IN_H 1
| #define HAVE_STDLIB_H 1
| #define HAVE_MALLOC 1
| #define HAVE_STDLIB_H 1
| #define HAVE_UNISTD_H 1
| #define HAVE_SYS_PARAM_H 1
| #define HAVE_GETPAGESIZE 1
| #define HAVE_MMAP 1
| #define LSTAT_FOLLOWS_SLASHED_SYMLINK 1
| #define HAVE_LIBSTDC__ 1
| #define HAVE_LIBM 1
| #define HAVE_LIBZ 1
| #define HAVE_LIBDL 1
| #define HAVE_LIBPTHREAD 1
| #define HAVE_LIBGLOG 1
| #define HAVE_LIBGFLAGS 1
| #define HAVE_LIBEVENT 1
| #define HAVE_LIBTHRIFT 1
| #define HAVE_LIBTHRIFTNB 1
| #define HAVE_GFLAGS_GFLAGS_H 1
| #define HAVE_GLOG_LOGGING_H 1
| #define HAVE_THRIFT_TPROCESSOR_H 1
| #define HAVE_THRIFT_PROTOCOL_TPROTOCOL_H 1
| #define HAVE_THRIFT_TRANSPORT_TTRANSPORT_H 1
| #define HAVE_THRIFT_CONCURRENCY_THREADMANAGER_H 1
| #define HAVE_THRIFT_SERVER_TSERVER_H 1
| #define HAVE_FUSE_H 1
| #define HAVE_LIBFUSE 1
| /* end confdefs.h.  */
| #include <zookeeper/zookeeper.h>
configure:19792: result: no
configure:19792: checking for zookeeper/zookeeper.h
configure:19792: result: no
configure:19804: checking for zookeeper_init in -lzookeeper_mt
configure:19829: g++ -o conftest -O2 -DNDEBUG   conftest.cpp -lzookeeper_mt  -lfuse -lthriftnb -lthrift -levent -lgflags -lglog -lpthread -ldl -lz -lm -lstdc++  >&5
/usr/bin/ld: cannot find -lzookeeper_mt
collect2: error: ld returned 1 exit status
configure:19829: $? = 1
configure: failed program was:
| /* confdefs.h */
| #define PACKAGE_NAME "indexfs"
| #define PACKAGE_TARNAME "indexfs"
| #define PACKAGE_VERSION "0.4.1"
| #define PACKAGE_STRING "indexfs 0.4.1"
| #define PACKAGE_BUGREPORT ""
| #define PACKAGE_URL ""
| #define STDC_HEADERS 1
| #define HAVE_SYS_TYPES_H 1
| #define HAVE_SYS_STAT_H 1
| #define HAVE_STDLIB_H 1
| #define HAVE_STRING_H 1
| #define HAVE_MEMORY_H 1
| #define HAVE_STRINGS_H 1
| #define HAVE_INTTYPES_H 1
| #define HAVE_STDINT_H 1
| #define HAVE_UNISTD_H 1
| #define __EXTENSIONS__ 1
| #define _ALL_SOURCE 1
| #define _GNU_SOURCE 1
| #define _POSIX_PTHREAD_SEMANTICS 1
| #define _TANDEM_SOURCE 1
| #define PACKAGE "indexfs"
| #define VERSION "0.4.1"
| #define HAVE_DLFCN_H 1
| #define LT_OBJDIR ".libs/"
| #define HAVE_NETINET_IN_H 1
| #define HAVE_STDLIB_H 1
| #define HAVE_MALLOC 1
| #define HAVE_STDLIB_H 1
| #define HAVE_UNISTD_H 1
| #define HAVE_SYS_PARAM_H 1
| #define HAVE_GETPAGESIZE 1
| #define HAVE_MMAP 1
| #define LSTAT_FOLLOWS_SLASHED_SYMLINK 1
| #define HAVE_LIBSTDC__ 1
| #define HAVE_LIBM 1
| #define HAVE_LIBZ 1
| #define HAVE_LIBDL 1
| #define HAVE_LIBPTHREAD 1
| #define HAVE_LIBGLOG 1
| #define HAVE_LIBGFLAGS 1
| #define HAVE_LIBEVENT 1
| #define HAVE_LIBTHRIFT 1
| #define HAVE_LIBTHRIFTNB 1
| #define HAVE_GFLAGS_GFLAGS_H 1
| #define HAVE_GLOG_LOGGING_H 1
| #define HAVE_THRIFT_TPROCESSOR_H 1
| #define HAVE_THRIFT_PROTOCOL_TPROTOCOL_H 1
| #define HAVE_THRIFT_TRANSPORT_TTRANSPORT_H 1
| #define HAVE_THRIFT_CONCURRENCY_THREADMANAGER_H 1
| #define HAVE_THRIFT_SERVER_TSERVER_H 1
| #define HAVE_FUSE_H 1
| #define HAVE_LIBFUSE 1
| /* end confdefs.h.  */
| 
| /* Override any GCC internal prototype to avoid an error.
|    Use char because int might match the return type of a GCC
|    builtin and then its argument prototype would still apply.  */
| #ifdef __cplusplus
| extern "C"
| #endif
| char zookeeper_init ();
| int
| main ()
| {
| return zookeeper_init ();
|   ;
|   return 0;
| }
configure:19838: result: no
configure:19888: checking snappy.h usability
configure:19888: g++ -c -O2 -DNDEBUG  conftest.cpp >&5
configure:19888: $? = 0
configure:19888: result: yes
configure:19888: checking snappy.h presence
configure:19888: g++ -E  conftest.cpp
configure:19888: $? = 0
configure:19888: result: yes
configure:19888: checking for snappy.h
configure:19888: result: yes
configure:19900: checking for snappy_compress in -lsnappy
configure:19925: g++ -o conftest -O2 -DNDEBUG   conftest.cpp -lsnappy  -lfuse -lthriftnb -lthrift -levent -lgflags -lglog -lpthread -ldl -lz -lm -lstdc++  >&5
configure:19925: $? = 0
configure:19934: result: yes
configure:20137: checking that generated files are newer than configure
configure:20143: result: done
configure:20202: creating ./config.status
configure:22622:
Using IndexFS : 0.4.1
configure:22696:
---------------------------------------------------
IndexFS Building Plan

Summary:
  Bulk Insertion: Off
  IndexFS will be built upon POSIX
---------------------------------------------------

## ---------------- ##
## Cache variables. ##
## ---------------- ##

ac_cv_build=x86_64-pc-linux-gnu
ac_cv_c_compiler_gnu=yes
ac_cv_c_inline=inline
ac_cv_c_int16_t=yes
ac_cv_c_int32_t=yes
ac_cv_c_int64_t=yes
ac_cv_c_int8_t=yes
ac_cv_c_uint16_t=yes
ac_cv_c_uint32_t=yes
ac_cv_c_uint64_t=yes
ac_cv_c_uint8_t=yes
ac_cv_cxx_compiler_gnu=yes
ac_cv_env_CCC_set=
ac_cv_env_CCC_value=
ac_cv_env_CC_set=
ac_cv_env_CC_value=
ac_cv_env_CFLAGS_set=
ac_cv_env_CFLAGS_value=
ac_cv_env_CPPFLAGS_set=
ac_cv_env_CPPFLAGS_value=
ac_cv_env_CPP_set=
ac_cv_env_CPP_value=
ac_cv_env_CXXCPP_set=
ac_cv_env_CXXCPP_value=
ac_cv_env_CXXFLAGS_set=
ac_cv_env_CXXFLAGS_value=
ac_cv_env_CXX_set=
ac_cv_env_CXX_value=
ac_cv_env_LDFLAGS_set=
ac_cv_env_LDFLAGS_value=
ac_cv_env_LIBS_set=
ac_cv_env_LIBS_value=
ac_cv_env_LT_SYS_LIBRARY_PATH_set=
ac_cv_env_LT_SYS_LIBRARY_PATH_value=
ac_cv_env_MPICC_set=
ac_cv_env_MPICC_value=
ac_cv_env_MPICXX_set=
ac_cv_env_MPICXX_value=
ac_cv_env_build_alias_set=
ac_cv_env_build_alias_value=
ac_cv_env_host_alias_set=
ac_cv_env_host_alias_value=
ac_cv_env_target_alias_set=
ac_cv_env_target_alias_value=
ac_cv_func_MPI_Init=yes
ac_cv_func_getpagesize=yes
ac_cv_func_lstat_dereferences_slashed_symlink=yes
ac_cv_func_malloc_0_nonnull=yes
ac_cv_func_mmap_fixed_mapped=yes
ac_cv_header_dlfcn_h=yes
ac_cv_header_fuse_h=yes
ac_cv_header_gflags_gflags_h=yes
ac_cv_header_glog_logging_h=yes
ac_cv_header_inttypes_h=yes
ac_cv_header_memory_h=yes
ac_cv_header_minix_config_h=no
ac_cv_header_netinet_in_h=yes
ac_cv_header_snappy_h=yes
ac_cv_header_stdc=yes
ac_cv_header_stdint_h=yes
ac_cv_header_stdlib_h=yes
ac_cv_header_string_h=yes
ac_cv_header_strings_h=yes
ac_cv_header_sys_param_h=yes
ac_cv_header_sys_stat_h=yes
ac_cv_header_sys_types_h=yes
ac_cv_header_thrift_TProcessor_h=yes
ac_cv_header_thrift_concurrency_ThreadManager_h=yes
ac_cv_header_thrift_protocol_TProtocol_h=yes
ac_cv_header_thrift_server_TServer_h=yes
ac_cv_header_thrift_transport_TTransport_h=yes
ac_cv_header_unistd_h=yes
ac_cv_header_zookeeper_zookeeper_h=no
ac_cv_host=x86_64-pc-linux-gnu
ac_cv_lib_dl_dlopen=yes
ac_cv_lib_error_at_line=yes
ac_cv_lib_event_event_dispatch=yes
ac_cv_lib_fuse_fuse_main=yes
ac_cv_lib_gflags_main=yes
ac_cv_lib_glog_main=yes
ac_cv_lib_m_sin=yes
ac_cv_lib_pthread_pthread_create=yes
ac_cv_lib_snappy_snappy_compress=yes
ac_cv_lib_stdcpp_main=yes
ac_cv_lib_thrift_main=yes
ac_cv_lib_thriftnb_main=yes
ac_cv_lib_z_gzopen=yes
ac_cv_lib_zookeeper_mt_zookeeper_init=no
ac_cv_objext=o
ac_cv_path_EGREP='/bin/grep -E'
ac_cv_path_FGREP='/bin/grep -F'
ac_cv_path_GREP=/bin/grep
ac_cv_path_SED=/bin/sed
ac_cv_path_THRIFT=/usr/local/bin/thrift
ac_cv_path_install='/usr/bin/install -c'
ac_cv_path_lt_DD=/bin/dd
ac_cv_path_mkdir=/bin/mkdir
ac_cv_prog_AWK=gawk
ac_cv_prog_CPP='gcc -E'
ac_cv_prog_CXXCPP='g++ -E'
ac_cv_prog_MPICC=mpicc
ac_cv_prog_MPICXX=mpic++
ac_cv_prog_ac_ct_AR=ar
ac_cv_prog_ac_ct_CC=gcc
ac_cv_prog_ac_ct_CXX=g++
ac_cv_prog_ac_ct_MANIFEST_TOOL=mt
ac_cv_prog_ac_ct_OBJDUMP=objdump
ac_cv_prog_ac_ct_RANLIB=ranlib
ac_cv_prog_ac_ct_STRIP=strip
ac_cv_prog_cc_c89=
ac_cv_prog_cc_g=yes
ac_cv_prog_cxx_g=yes
ac_cv_prog_make_make_set=yes
ac_cv_safe_to_define___extensions__=yes
ac_cv_sys_file_offset_bits=no
ac_cv_sys_largefile_CC=no
ac_cv_type_mode_t=yes
ac_cv_type_off_t=yes
ac_cv_type_pid_t=yes
ac_cv_type_size_t=yes
ac_cv_type_ssize_t=yes
ac_cv_type_uid_t=yes
am_cv_CC_dependencies_compiler_type=gcc3
am_cv_CXX_dependencies_compiler_type=gcc3
am_cv_ar_interface=ar
am_cv_make_support_nested_variables=yes
am_cv_prog_cc_c_o=yes
ax_cv_check_cxxflags___fno_builtin_memcmp=yes
ax_cv_check_cxxflags___fno_builtin_memmove=yes
ax_cv_check_cxxflags___pthread=yes
ax_cv_check_cxxflags___std_cpp0x=yes
lt_cv_ar_at_file=@
lt_cv_archive_cmds_need_lc=no
lt_cv_deplibs_check_method=pass_all
lt_cv_file_magic_cmd='$MAGIC_CMD'
lt_cv_file_magic_test_file=
lt_cv_ld_reload_flag=-r
lt_cv_nm_interface='BSD nm'
lt_cv_objdir=.libs
lt_cv_path_LD=/usr/bin/ld
lt_cv_path_LDCXX='/usr/bin/ld -m elf_x86_64'
lt_cv_path_NM='/usr/bin/nm -B'
lt_cv_path_mainfest_tool=no
lt_cv_prog_compiler_c_o=yes
lt_cv_prog_compiler_c_o_CXX=yes
lt_cv_prog_compiler_pic='-fPIC -DPIC'
lt_cv_prog_compiler_pic_CXX='-fPIC -DPIC'
lt_cv_prog_compiler_pic_works=yes
lt_cv_prog_compiler_pic_works_CXX=yes
lt_cv_prog_compiler_rtti_exceptions=no
lt_cv_prog_compiler_static_works=yes
lt_cv_prog_compiler_static_works_CXX=yes
lt_cv_prog_gnu_ld=yes
lt_cv_prog_gnu_ldcxx=yes
lt_cv_sharedlib_from_linklib_cmd='printf %s\n'
lt_cv_shlibpath_overrides_runpath=yes
lt_cv_sys_global_symbol_pipe='sed -n -e '\''s/^.*[	 ]\([ABCDGIRSTW][ABCDGIRSTW]*\)[	 ][	 ]*\([_A-Za-z][_A-Za-z0-9]*\)$/\1 \2 \2/p'\'' | sed '\''/ __gnu_lto/d'\'''
lt_cv_sys_global_symbol_to_c_name_address='sed -n -e '\''s/^: \(.*\) .*$/  {"\1", (void *) 0},/p'\'' -e '\''s/^[ABCDGIRSTW][ABCDGIRSTW]* .* \(.*\)$/  {"\1", (void *) \&\1},/p'\'''
lt_cv_sys_global_symbol_to_c_name_address_lib_prefix='sed -n -e '\''s/^: \(.*\) .*$/  {"\1", (void *) 0},/p'\'' -e '\''s/^[ABCDGIRSTW][ABCDGIRSTW]* .* \(lib.*\)$/  {"\1", (void *) \&\1},/p'\'' -e '\''s/^[ABCDGIRSTW][ABCDGIRSTW]* .* \(.*\)$/  {"lib\1", (void *) \&\1},/p'\'''
lt_cv_sys_global_symbol_to_cdecl='sed -n -e '\''s/^T .* \(.*\)$/extern int \1();/p'\'' -e '\''s/^[ABCDGIRSTW][ABCDGIRSTW]* .* \(.*\)$/extern char \1;/p'\'''
lt_cv_sys_global_symbol_to_import=
lt_cv_sys_max_cmd_len=1572864
lt_cv_to_host_file_cmd=func_convert_file_noop
lt_cv_to_tool_file_cmd=func_convert_file_noop
lt_cv_truncate_bin='/bin/dd bs=4096 count=1'

## ----------------- ##
## Output variables. ##
## ----------------- ##

ACLOCAL='${SHELL} /home/hrzhou1996/serverless-IndexFS/missing aclocal-1.15'
AMDEPBACKSLASH='\'
AMDEP_FALSE='#'
AMDEP_TRUE=''
AMTAR='$${TAR-tar}'
AM_BACKSLASH='\'
AM_DEFAULT_V='$(AM_DEFAULT_VERBOSITY)'
AM_DEFAULT_VERBOSITY='0'
AM_V='$(V)'
AR='ar'
AUTOCONF='${SHELL} /home/hrzhou1996/serverless-IndexFS/missing autoconf'
AUTOHEADER='${SHELL} /home/hrzhou1996/serverless-IndexFS/missing autoheader'
AUTOMAKE='${SHELL} /home/hrzhou1996/serverless-IndexFS/missing automake-1.15'
AWK='gawk'
BACKEND_FLAGS='-DNFS'
BACKEND_HDFS_FALSE=''
BACKEND_HDFS_TRUE='#'
BACKEND_PVFS2_FALSE=''
BACKEND_PVFS2_TRUE='#'
BACKEND_RADOS_FALSE=''
BACKEND_RADOS_TRUE='#'
BUILD_FUSE_FALSE='#'
BUILD_FUSE_TRUE=''
BUILD_IOTESTS_FALSE='#'
BUILD_IOTESTS_TRUE=''
BUILD_MDTESTS_FALSE='#'
BUILD_MDTESTS_TRUE=''
BUILD_ZK_FALSE=''
BUILD_ZK_TRUE='#'
CC='gcc'
CCDEPMODE='depmode=gcc3'
CFLAGS='-g -O2'
CPP='gcc -E'
CPPFLAGS=''
CXX='g++'
CXXCPP='g++ -E'
CXXDEPMODE='depmode=gcc3'
CXXFLAGS='-O2 -DNDEBUG'
CYGPATH_W='echo'
DEFS='-DHAVE_CONFIG_H'
DEPDIR='.deps'
DLLTOOL='false'
DSYMUTIL=''
DUMPBIN=''
ECHO_C=''
ECHO_N='-n'
ECHO_T=''
EGREP='/bin/grep -E'
EXEEXT=''
EXTRA_CFLAGS=' -std=c++0x -pthread -fno-builtin-memcmp -fno-builtin-memmove'
EXTRA_INCLUDES='-I$(top_srcdir) -I$(top_srcdir)/lib -I$(top_srcdir)/lib/leveldb -I$(top_srcdir)/lib/leveldb/include'
FGREP='/bin/grep -F'
GREP='/bin/grep'
INDEXFS_VERSION='0.4.1'
INSTALL_DATA='${INSTALL} -m 644'
INSTALL_PROGRAM='${INSTALL}'
INSTALL_SCRIPT='${INSTALL}'
INSTALL_STRIP_PROGRAM='$(install_sh) -c -s'
JDK_INSTALLED_FALSE=''
JDK_INSTALLED_TRUE='#'
LD='/usr/bin/ld -m elf_x86_64'
LDFLAGS=''
LIBOBJS=''
LIBS='-lsnappy -lfuse -lthriftnb -lthrift -levent -lgflags -lglog -lpthread -ldl -lz -lm -lstdc++ '
LIBTOOL='$(SHELL) $(top_builddir)/libtool'
LIPO=''
LN_S='ln -s'
LTLIBOBJS=''
LT_SYS_LIBRARY_PATH=''
MAKEINFO='${SHELL} /home/hrzhou1996/serverless-IndexFS/missing makeinfo'
MANIFEST_TOOL=':'
MKDIR_P='/bin/mkdir -p'
MPICC='mpicc'
MPICXX='mpic++'
MPILIBS=' '
NM='/usr/bin/nm -B'
NMEDIT=''
OBJDUMP='objdump'
OBJEXT='o'
OTOOL64=''
OTOOL=''
PACKAGE='indexfs'
PACKAGE_BUGREPORT=''
PACKAGE_NAME='indexfs'
PACKAGE_STRING='indexfs 0.4.1'
PACKAGE_TARNAME='indexfs'
PACKAGE_URL=''
PACKAGE_VERSION='0.4.1'
PATH_SEPARATOR=':'
PLATFORM='-DOS_LINUX'
PVFS2_LIBS=''
RANLIB='ranlib'
SED='/bin/sed'
SET_MAKE=''
SHELL='/bin/bash'
SNAPPY_FLAGS='-DSNAPPY'
STRIP='strip'
THRIFT='/usr/local/bin/thrift'
VERSION='0.4.1'
ac_ct_AR='ar'
ac_ct_CC='gcc'
ac_ct_CXX='g++'
ac_ct_DUMPBIN=''
am__EXEEXT_FALSE=''
am__EXEEXT_TRUE='#'
am__fastdepCC_FALSE='#'
am__fastdepCC_TRUE=''
am__fastdepCXX_FALSE='#'
am__fastdepCXX_TRUE=''
am__include='include'
am__isrc=''
am__leading_dot='.'
am__nodep='_no'
am__quote=''
am__tar='$${TAR-tar} chof - "$$tardir"'
am__untar='$${TAR-tar} xf -'
bindir='${exec_prefix}/bin'
build='x86_64-pc-linux-gnu'
build_alias=''
build_cpu='x86_64'
build_os='linux-gnu'
build_vendor='pc'
datadir='${datarootdir}'
datarootdir='${prefix}/share'
docdir='${datarootdir}/doc/${PACKAGE_TARNAME}'
dvidir='${docdir}'
exec_prefix='${prefix}'
host='x86_64-pc-linux-gnu'
host_alias=''
host_cpu='x86_64'
host_os='linux-gnu'
host_vendor='pc'
htmldir='${docdir}'
includedir='${prefix}/include'
infodir='${datarootdir}/info'
install_sh='${SHELL} /home/hrzhou1996/serverless-IndexFS/install-sh'
libdir='${exec_prefix}/lib'
libexecdir='${exec_prefix}/libexec'
localedir='${datarootdir}/locale'
localstatedir='${prefix}/var'
mandir='${datarootdir}/man'
mkdir_p='$(MKDIR_P)'
oldincludedir='/usr/include'
pdfdir='${docdir}'
prefix='/usr/local'
program_transform_name='s,x,x,'
psdir='${docdir}'
runstatedir='${localstatedir}/run'
sbindir='${exec_prefix}/sbin'
sharedstatedir='${prefix}/com'
sysconfdir='${prefix}/etc'
target_alias=''

## ----------- ##
## confdefs.h. ##
## ----------- ##

/* confdefs.h */
#define PACKAGE_NAME "indexfs"
#define PACKAGE_TARNAME "indexfs"
#define PACKAGE_VERSION "0.4.1"
#define PACKAGE_STRING "indexfs 0.4.1"
#define PACKAGE_BUGREPORT ""
#define PACKAGE_URL ""
#define STDC_HEADERS 1
#define HAVE_SYS_TYPES_H 1
#define HAVE_SYS_STAT_H 1
#define HAVE_STDLIB_H 1
#define HAVE_STRING_H 1
#define HAVE_MEMORY_H 1
#define HAVE_STRINGS_H 1
#define HAVE_INTTYPES_H 1
#define HAVE_STDINT_H 1
#define HAVE_UNISTD_H 1
#define __EXTENSIONS__ 1
#define _ALL_SOURCE 1
#define _GNU_SOURCE 1
#define _POSIX_PTHREAD_SEMANTICS 1
#define _TANDEM_SOURCE 1
#define PACKAGE "indexfs"
#define VERSION "0.4.1"
#define HAVE_DLFCN_H 1
#define LT_OBJDIR ".libs/"
#define HAVE_NETINET_IN_H 1
#define HAVE_STDLIB_H 1
#define HAVE_MALLOC 1
#define HAVE_STDLIB_H 1
#define HAVE_UNISTD_H 1
#define HAVE_SYS_PARAM_H 1
#define HAVE_GETPAGESIZE 1
#define HAVE_MMAP 1
#define LSTAT_FOLLOWS_SLASHED_SYMLINK 1
#define HAVE_LIBSTDC__ 1
#define HAVE_LIBM 1
#define HAVE_LIBZ 1
#define HAVE_LIBDL 1
#define HAVE_LIBPTHREAD 1
#define HAVE_LIBGLOG 1
#define HAVE_LIBGFLAGS 1
#define HAVE_LIBEVENT 1
#define HAVE_LIBTHRIFT 1
#define HAVE_LIBTHRIFTNB 1
#define HAVE_GFLAGS_GFLAGS_H 1
#define HAVE_GLOG_LOGGING_H 1
#define HAVE_THRIFT_TPROCESSOR_H 1
#define HAVE_THRIFT_PROTOCOL_TPROTOCOL_H 1
#define HAVE_THRIFT_TRANSPORT_TTRANSPORT_H 1
#define HAVE_THRIFT_CONCURRENCY_THREADMANAGER_H 1
#define HAVE_THRIFT_SERVER_TSERVER_H 1
#define HAVE_FUSE_H 1
#define HAVE_LIBFUSE 1
#define HAVE_SNAPPY_H 1
#define HAVE_LIBSNAPPY 1
#define __NFS__ /**/

configure: exit 0

## ---------------------- ##
## Running config.status. ##
## ---------------------- ##

This file was extended by indexfs config.status 0.4.1, which was
generated by GNU Autoconf 2.69.  Invocation command line was

  CONFIG_FILES    = 
  CONFIG_HEADERS  = 
  CONFIG_LINKS    = 
  CONFIG_COMMANDS = 
  $ ./config.status 

on client0

config.status:1221: creating Makefile
config.status:1221: creating lib/leveldb/Makefile
config.status:1221: creating thrift/Makefile
config.status:1221: creating common/Makefile
config.status:1221: creating util/Makefile
config.status:1221: creating metadb/Makefile
config.status:1221: creating ipc/Makefile
config.status:1221: creating client/Makefile
config.status:1221: creating c/Makefile
config.status:1221: creating bin/Makefile
config.status:1221: creating io_test/Makefile
config.status:1221: creating md_test/Makefile
config.status:1221: creating config.h
config.status:1402: config.h is unchanged
config.status:1450: executing depfiles commands
config.status:1450: executing libtool commands
