This file contains any messages produced by compilers while
running configure, to aid debugging if configure makes a mistake.

It was created by indexfs configure 0.4.1, which was
generated by GNU Autoconf 2.69.  Invocation command line was

  $ ../configure CFLAGS=-O2 -DNDEBUG     -DIDXFS_ENABLE_COMPRESSION CXXFLAGS=-O2 -DNDEBUG     -DIDXFS_ENABLE_COMPRESSION MPICC=mpicc.mpich MPICXX=mpicxx.mpich

## --------- ##
## Platform. ##
## --------- ##

hostname = runzhou-Precision-Tower-3430
uname -m = x86_64
uname -r = 5.4.0-90-generic
uname -s = Linux
uname -v = #101~18.04.1-Ubuntu SMP Fri Oct 22 09:25:04 UTC 2021

/usr/bin/uname -p = unknown
/bin/uname -X     = unknown

/bin/arch              = unknown
/usr/bin/arch -k       = unknown
/usr/convex/getsysinfo = unknown
/usr/bin/hostinfo      = unknown
/bin/machine           = unknown
/usr/bin/oslevel       = unknown
/bin/universe          = unknown

PATH: /home/runzhou/gems/bin
PATH: /home/runzhou/anaconda3/bin
PATH: /home/runzhou/anaconda3/condabin
PATH: /usr/lib/jvm/java-1.8.0-openjdk-amd64/bin
PATH: /usr/local/sbin
PATH: /usr/local/bin
PATH: /usr/sbin
PATH: /usr/bin
PATH: /sbin
PATH: /bin
PATH: /usr/games
PATH: /usr/local/games
PATH: /snap/bin
PATH: /home/runzhou/go/bin
PATH: /home/runzhou/go/bin
PATH: /home/runzhou/Downloads/omnetpp-5.5.1/bin
PATH: /home/runzhou/anaconda3/bin
PATH: /home/runzhou/anaconda3/condabin
PATH: /usr/lib/jvm/java-1.8.0-openjdk-amd64/bin
PATH: /usr/local/sbin
PATH: /usr/local/bin
PATH: /usr/sbin
PATH: /usr/bin
PATH: /sbin
PATH: /bin
PATH: /usr/games
PATH: /usr/local/games
PATH: /snap/bin
PATH: /home/runzhou/go/bin
PATH: /home/runzhou/go/bin
PATH: /home/runzhou/go/bin
PATH: /home/runzhou/anaconda3/bin
PATH: /home/runzhou/anaconda3/condabin
PATH: /usr/lib/jvm/java-1.8.0-openjdk-amd64/bin
PATH: /usr/local/sbin
PATH: /usr/local/bin
PATH: /usr/sbin
PATH: /usr/bin
PATH: /sbin
PATH: /bin
PATH: /usr/games
PATH: /usr/local/games
PATH: /snap/bin
PATH: /home/runzhou/go/bin
PATH: /home/runzhou/go/bin
PATH: /home/runzhou/Downloads/omnetpp-5.5.1/bin
PATH: /home/runzhou/anaconda3/bin
PATH: /home/runzhou/anaconda3/condabin
PATH: /usr/lib/jvm/java-1.8.0-openjdk-amd64/bin
PATH: /usr/local/sbin
PATH: /usr/local/bin
PATH: /usr/sbin
PATH: /usr/bin
PATH: /sbin
PATH: /bin
PATH: /usr/games
PATH: /usr/local/games
PATH: /snap/bin
PATH: /home/runzhou/go/bin
PATH: /home/runzhou/go/bin


## ----------- ##
## Core tests. ##
## ----------- ##

configure:2899: checking for gcc
configure:2915: found /usr/bin/gcc
configure:2926: result: gcc
configure:3155: checking for C compiler version
configure:3164: gcc --version >&5
gcc (Ubuntu 9.4.0-1ubuntu1~18.04) 9.4.0
Copyright (C) 2019 Free Software Foundation, Inc.
This is free software; see the source for copying conditions.  There is NO
warranty; not even for MERCHANTABILITY or FITNESS FOR A PARTICULAR PURPOSE.

configure:3175: $? = 0
configure:3164: gcc -v >&5
Using built-in specs.
COLLECT_GCC=gcc
COLLECT_LTO_WRAPPER=/usr/lib/gcc/x86_64-linux-gnu/9/lto-wrapper
OFFLOAD_TARGET_NAMES=nvptx-none:hsa
OFFLOAD_TARGET_DEFAULT=1
Target: x86_64-linux-gnu
Configured with: ../src/configure -v --with-pkgversion='Ubuntu 9.4.0-1ubuntu1~18.04' --with-bugurl=file:///usr/share/doc/gcc-9/README.Bugs --enable-languages=c,ada,c++,go,brig,d,fortran,objc,obj-c++,gm2 --prefix=/usr --with-gcc-major-version-only --program-suffix=-9 --program-prefix=x86_64-linux-gnu- --enable-shared --enable-linker-build-id --libexecdir=/usr/lib --without-included-gettext --enable-threads=posix --libdir=/usr/lib --enable-nls --enable-clocale=gnu --enable-libstdcxx-debug --enable-libstdcxx-time=yes --with-default-libstdcxx-abi=new --enable-gnu-unique-object --disable-vtable-verify --enable-plugin --enable-default-pie --with-system-zlib --with-target-system-zlib=auto --enable-objc-gc=auto --enable-multiarch --disable-werror --with-arch-32=i686 --with-abi=m64 --with-multilib-list=m32,m64,mx32 --enable-multilib --with-tune=generic --enable-offload-targets=nvptx-none=/build/gcc-9-nrQql7/gcc-9-9.4.0/debian/tmp-nvptx/usr,hsa --without-cuda-driver --enable-checking=release --build=x86_64-linux-gnu --host=x86_64-linux-gnu --target=x86_64-linux-gnu
Thread model: posix
gcc version 9.4.0 (Ubuntu 9.4.0-1ubuntu1~18.04) 
configure:3175: $? = 0
configure:3164: gcc -V >&5
gcc: error: unrecognized command line option '-V'
gcc: fatal error: no input files
compilation terminated.
configure:3175: $? = 1
configure:3164: gcc -qversion >&5
gcc: error: unrecognized command line option '-qversion'; did you mean '--version'?
gcc: fatal error: no input files
compilation terminated.
configure:3175: $? = 1
configure:3195: checking whether the C compiler works
configure:3217: gcc -O2 -DNDEBUG     -DIDXFS_ENABLE_COMPRESSION   conftest.c  >&5
configure:3221: $? = 0
configure:3269: result: yes
configure:3272: checking for C compiler default output file name
configure:3274: result: a.out
configure:3280: checking for suffix of executables
configure:3287: gcc -o conftest -O2 -DNDEBUG     -DIDXFS_ENABLE_COMPRESSION   conftest.c  >&5
configure:3291: $? = 0
configure:3313: result: 
configure:3335: checking whether we are cross compiling
configure:3343: gcc -o conftest -O2 -DNDEBUG     -DIDXFS_ENABLE_COMPRESSION   conftest.c  >&5
configure:3347: $? = 0
configure:3354: ./conftest
configure:3358: $? = 0
configure:3373: result: no
configure:3378: checking for suffix of object files
configure:3400: gcc -c -O2 -DNDEBUG     -DIDXFS_ENABLE_COMPRESSION  conftest.c >&5
configure:3404: $? = 0
configure:3425: result: o
configure:3429: checking whether we are using the GNU C compiler
configure:3448: gcc -c -O2 -DNDEBUG     -DIDXFS_ENABLE_COMPRESSION  conftest.c >&5
configure:3448: $? = 0
configure:3457: result: yes
configure:3466: checking whether gcc accepts -g
configure:3486: gcc -c -g  conftest.c >&5
configure:3486: $? = 0
configure:3527: result: yes
configure:3544: checking for gcc option to accept ISO C89
configure:3607: gcc  -c -O2 -DNDEBUG     -DIDXFS_ENABLE_COMPRESSION  conftest.c >&5
configure:3607: $? = 0
configure:3620: result: none needed
configure:3645: checking whether gcc understands -c and -o together
configure:3667: gcc -c conftest.c -o conftest2.o
configure:3670: $? = 0
configure:3667: gcc -c conftest.c -o conftest2.o
configure:3670: $? = 0
configure:3682: result: yes
configure:3705: checking how to run the C preprocessor
configure:3736: gcc -E  conftest.c
configure:3736: $? = 0
configure:3750: gcc -E  conftest.c
conftest.c:9:10: fatal error: ac_nonexistent.h: No such file or directory
    9 | #include <ac_nonexistent.h>
      |          ^~~~~~~~~~~~~~~~~~
compilation terminated.
configure:3750: $? = 1
configure: failed program was:
| /* confdefs.h */
| #define PACKAGE_NAME "indexfs"
| #define PACKAGE_TARNAME "indexfs"
| #define PACKAGE_VERSION "0.4.1"
| #define PACKAGE_STRING "indexfs 0.4.1"
| #define PACKAGE_BUGREPORT ""
| #define PACKAGE_URL ""
| /* end confdefs.h.  */
| #include <ac_nonexistent.h>
configure:3775: result: gcc -E
configure:3795: gcc -E  conftest.c
configure:3795: $? = 0
configure:3809: gcc -E  conftest.c
conftest.c:9:10: fatal error: ac_nonexistent.h: No such file or directory
    9 | #include <ac_nonexistent.h>
      |          ^~~~~~~~~~~~~~~~~~
compilation terminated.
configure:3809: $? = 1
configure: failed program was:
| /* confdefs.h */
| #define PACKAGE_NAME "indexfs"
| #define PACKAGE_TARNAME "indexfs"
| #define PACKAGE_VERSION "0.4.1"
| #define PACKAGE_STRING "indexfs 0.4.1"
| #define PACKAGE_BUGREPORT ""
| #define PACKAGE_URL ""
| /* end confdefs.h.  */
| #include <ac_nonexistent.h>
configure:3838: checking for grep that handles long lines and -e
configure:3896: result: /bin/grep
configure:3901: checking for egrep
configure:3963: result: /bin/grep -E
configure:3968: checking for ANSI C header files
configure:3988: gcc -c -O2 -DNDEBUG     -DIDXFS_ENABLE_COMPRESSION  conftest.c >&5
configure:3988: $? = 0
configure:4061: gcc -o conftest -O2 -DNDEBUG     -DIDXFS_ENABLE_COMPRESSION   conftest.c  >&5
configure:4061: $? = 0
configure:4061: ./conftest
configure:4061: $? = 0
configure:4072: result: yes
configure:4085: checking for sys/types.h
configure:4085: gcc -c -O2 -DNDEBUG     -DIDXFS_ENABLE_COMPRESSION  conftest.c >&5
configure:4085: $? = 0
configure:4085: result: yes
configure:4085: checking for sys/stat.h
configure:4085: gcc -c -O2 -DNDEBUG     -DIDXFS_ENABLE_COMPRESSION  conftest.c >&5
configure:4085: $? = 0
configure:4085: result: yes
configure:4085: checking for stdlib.h
configure:4085: gcc -c -O2 -DNDEBUG     -DIDXFS_ENABLE_COMPRESSION  conftest.c >&5
configure:4085: $? = 0
configure:4085: result: yes
configure:4085: checking for string.h
configure:4085: gcc -c -O2 -DNDEBUG     -DIDXFS_ENABLE_COMPRESSION  conftest.c >&5
configure:4085: $? = 0
configure:4085: result: yes
configure:4085: checking for memory.h
configure:4085: gcc -c -O2 -DNDEBUG     -DIDXFS_ENABLE_COMPRESSION  conftest.c >&5
configure:4085: $? = 0
configure:4085: result: yes
configure:4085: checking for strings.h
configure:4085: gcc -c -O2 -DNDEBUG     -DIDXFS_ENABLE_COMPRESSION  conftest.c >&5
configure:4085: $? = 0
configure:4085: result: yes
configure:4085: checking for inttypes.h
configure:4085: gcc -c -O2 -DNDEBUG     -DIDXFS_ENABLE_COMPRESSION  conftest.c >&5
configure:4085: $? = 0
configure:4085: result: yes
configure:4085: checking for stdint.h
configure:4085: gcc -c -O2 -DNDEBUG     -DIDXFS_ENABLE_COMPRESSION  conftest.c >&5
configure:4085: $? = 0
configure:4085: result: yes
configure:4085: checking for unistd.h
configure:4085: gcc -c -O2 -DNDEBUG     -DIDXFS_ENABLE_COMPRESSION  conftest.c >&5
configure:4085: $? = 0
configure:4085: result: yes
configure:4098: checking minix/config.h usability
configure:4098: gcc -c -O2 -DNDEBUG     -DIDXFS_ENABLE_COMPRESSION  conftest.c >&5
conftest.c:52:10: fatal error: minix/config.h: No such file or directory
   52 | #include <minix/config.h>
      |          ^~~~~~~~~~~~~~~~
compilation terminated.
configure:4098: $? = 1
configure: failed program was:
| /* confdefs.h */
| #define PACKAGE_NAME "indexfs"
| #define PACKAGE_TARNAME "indexfs"
| #define PACKAGE_VERSION "0.4.1"
| #define PACKAGE_STRING "indexfs 0.4.1"
| #define PACKAGE_BUGREPORT ""
| #define PACKAGE_URL ""
| #define STDC_HEADERS 1
| #define HAVE_SYS_TYPES_H 1
| #define HAVE_SYS_STAT_H 1
| #define HAVE_STDLIB_H 1
| #define HAVE_STRING_H 1
| #define HAVE_MEMORY_H 1
| #define HAVE_STRINGS_H 1
| #define HAVE_INTTYPES_H 1
| #define HAVE_STDINT_H 1
| #define HAVE_UNISTD_H 1
| /* end confdefs.h.  */
| #include <stdio.h>
| #ifdef HAVE_SYS_TYPES_H
| # include <sys/types.h>
| #endif
| #ifdef HAVE_SYS_STAT_H
| # include <sys/stat.h>
| #endif
| #ifdef STDC_HEADERS
| # include <stdlib.h>
| # include <stddef.h>
| #else
| # ifdef HAVE_STDLIB_H
| #  include <stdlib.h>
| # endif
| #endif
| #ifdef HAVE_STRING_H
| # if !defined STDC_HEADERS && defined HAVE_MEMORY_H
| #  include <memory.h>
| # endif
| # include <string.h>
| #endif
| #ifdef HAVE_STRINGS_H
| # include <strings.h>
| #endif
| #ifdef HAVE_INTTYPES_H
| # include <inttypes.h>
| #endif
| #ifdef HAVE_STDINT_H
| # include <stdint.h>
| #endif
| #ifdef HAVE_UNISTD_H
| # include <unistd.h>
| #endif
| #include <minix/config.h>
configure:4098: result: no
configure:4098: checking minix/config.h presence
configure:4098: gcc -E  conftest.c
conftest.c:19:10: fatal error: minix/config.h: No such file or directory
   19 | #include <minix/config.h>
      |          ^~~~~~~~~~~~~~~~
compilation terminated.
configure:4098: $? = 1
configure: failed program was:
| /* confdefs.h */
| #define PACKAGE_NAME "indexfs"
| #define PACKAGE_TARNAME "indexfs"
| #define PACKAGE_VERSION "0.4.1"
| #define PACKAGE_STRING "indexfs 0.4.1"
| #define PACKAGE_BUGREPORT ""
| #define PACKAGE_URL ""
| #define STDC_HEADERS 1
| #define HAVE_SYS_TYPES_H 1
| #define HAVE_SYS_STAT_H 1
| #define HAVE_STDLIB_H 1
| #define HAVE_STRING_H 1
| #define HAVE_MEMORY_H 1
| #define HAVE_STRINGS_H 1
| #define HAVE_INTTYPES_H 1
| #define HAVE_STDINT_H 1
| #define HAVE_UNISTD_H 1
| /* end confdefs.h.  */
| #include <minix/config.h>
configure:4098: result: no
configure:4098: checking for minix/config.h
configure:4098: result: no
configure:4119: checking whether it is safe to define __EXTENSIONS__
configure:4137: gcc -c -O2 -DNDEBUG     -DIDXFS_ENABLE_COMPRESSION  conftest.c >&5
configure:4137: $? = 0
configure:4144: result: yes
configure:4174: checking for a BSD-compatible install
configure:4242: result: /usr/bin/install -c
configure:4253: checking whether build environment is sane
configure:4308: result: yes
configure:4456: checking for a thread-safe mkdir -p
configure:4495: result: /bin/mkdir -p
configure:4502: checking for gawk
configure:4532: result: no
configure:4502: checking for mawk
configure:4518: found /usr/bin/mawk
configure:4529: result: mawk
configure:4540: checking whether make sets $(MAKE)
configure:4562: result: yes
configure:4592: checking for style of include used by make
configure:4620: result: GNU
configure:4654: checking whether make supports nested variables
configure:4671: result: yes
configure:4688: error: source directory already configured; run "make distclean" there first

## ---------------- ##
## Cache variables. ##
## ---------------- ##

ac_cv_c_compiler_gnu=yes
ac_cv_env_CCC_set=
ac_cv_env_CCC_value=
ac_cv_env_CC_set=
ac_cv_env_CC_value=
ac_cv_env_CFLAGS_set=set
ac_cv_env_CFLAGS_value='-O2 -DNDEBUG     -DIDXFS_ENABLE_COMPRESSION'
ac_cv_env_CPPFLAGS_set=
ac_cv_env_CPPFLAGS_value=
ac_cv_env_CPP_set=
ac_cv_env_CPP_value=
ac_cv_env_CXXCPP_set=
ac_cv_env_CXXCPP_value=
ac_cv_env_CXXFLAGS_set=set
ac_cv_env_CXXFLAGS_value='-O2 -DNDEBUG     -DIDXFS_ENABLE_COMPRESSION'
ac_cv_env_CXX_set=
ac_cv_env_CXX_value=
ac_cv_env_LDFLAGS_set=
ac_cv_env_LDFLAGS_value=
ac_cv_env_LIBS_set=
ac_cv_env_LIBS_value=
ac_cv_env_LT_SYS_LIBRARY_PATH_set=
ac_cv_env_LT_SYS_LIBRARY_PATH_value=
ac_cv_env_MPICC_set=set
ac_cv_env_MPICC_value=mpicc.mpich
ac_cv_env_MPICXX_set=set
ac_cv_env_MPICXX_value=mpicxx.mpich
ac_cv_env_build_alias_set=
ac_cv_env_build_alias_value=
ac_cv_env_host_alias_set=
ac_cv_env_host_alias_value=
ac_cv_env_target_alias_set=
ac_cv_env_target_alias_value=
ac_cv_header_inttypes_h=yes
ac_cv_header_memory_h=yes
ac_cv_header_minix_config_h=no
ac_cv_header_stdc=yes
ac_cv_header_stdint_h=yes
ac_cv_header_stdlib_h=yes
ac_cv_header_string_h=yes
ac_cv_header_strings_h=yes
ac_cv_header_sys_stat_h=yes
ac_cv_header_sys_types_h=yes
ac_cv_header_unistd_h=yes
ac_cv_objext=o
ac_cv_path_EGREP='/bin/grep -E'
ac_cv_path_GREP=/bin/grep
ac_cv_path_install='/usr/bin/install -c'
ac_cv_path_mkdir=/bin/mkdir
ac_cv_prog_AWK=mawk
ac_cv_prog_CPP='gcc -E'
ac_cv_prog_ac_ct_CC=gcc
ac_cv_prog_cc_c89=
ac_cv_prog_cc_g=yes
ac_cv_prog_make_make_set=yes
ac_cv_safe_to_define___extensions__=yes
am_cv_make_support_nested_variables=yes
am_cv_prog_cc_c_o=yes

## ----------------- ##
## Output variables. ##
## ----------------- ##

ACLOCAL=''
AMDEPBACKSLASH='\'
AMDEP_FALSE='#'
AMDEP_TRUE=''
AMTAR=''
AM_BACKSLASH='\'
AM_DEFAULT_V='$(AM_DEFAULT_VERBOSITY)'
AM_DEFAULT_VERBOSITY='1'
AM_V='$(V)'
AR=''
AUTOCONF=''
AUTOHEADER=''
AUTOMAKE=''
AWK='mawk'
BACKEND_FLAGS=''
BACKEND_HDFS_FALSE=''
BACKEND_HDFS_TRUE=''
BACKEND_PVFS2_FALSE=''
BACKEND_PVFS2_TRUE=''
BACKEND_RADOS_FALSE=''
BACKEND_RADOS_TRUE=''
BUILD_FUSE_FALSE=''
BUILD_FUSE_TRUE=''
BUILD_IOTESTS_FALSE=''
BUILD_IOTESTS_TRUE=''
BUILD_MDTESTS_FALSE=''
BUILD_MDTESTS_TRUE=''
BUILD_ZK_FALSE=''
BUILD_ZK_TRUE=''
CC='gcc'
CCDEPMODE=''
CFLAGS='-O2 -DNDEBUG     -DIDXFS_ENABLE_COMPRESSION'
CPP='gcc -E'
CPPFLAGS=''
CXX=''
CXXCPP=''
CXXDEPMODE=''
CXXFLAGS='-O2 -DNDEBUG     -DIDXFS_ENABLE_COMPRESSION'
CYGPATH_W=''
DEFS=''
DEPDIR='.deps'
DLLTOOL=''
DSYMUTIL=''
DUMPBIN=''
ECHO_C=''
ECHO_N='-n'
ECHO_T=''
EGREP='/bin/grep -E'
EXEEXT=''
EXTRA_CFLAGS=''
EXTRA_INCLUDES=''
FGREP=''
GREP='/bin/grep'
INDEXFS_VERSION=''
INSTALL_DATA='${INSTALL} -m 644'
INSTALL_PROGRAM='${INSTALL}'
INSTALL_SCRIPT='${INSTALL}'
INSTALL_STRIP_PROGRAM='$(install_sh) -c -s'
JDK_INSTALLED_FALSE=''
JDK_INSTALLED_TRUE=''
LD=''
LDFLAGS=''
LIBOBJS=''
LIBS=''
LIBTOOL=''
LIPO=''
LN_S=''
LTLIBOBJS=''
LT_SYS_LIBRARY_PATH=''
MAKEINFO=''
MANIFEST_TOOL=''
MKDIR_P='/bin/mkdir -p'
MPICC='mpicc.mpich'
MPICXX='mpicxx.mpich'
MPILIBS=''
NM=''
NMEDIT=''
OBJDUMP=''
OBJEXT='o'
OTOOL64=''
OTOOL=''
PACKAGE=''
PACKAGE_BUGREPORT=''
PACKAGE_NAME='indexfs'
PACKAGE_STRING='indexfs 0.4.1'
PACKAGE_TARNAME='indexfs'
PACKAGE_URL=''
PACKAGE_VERSION='0.4.1'
PATH_SEPARATOR=':'
PLATFORM=''
PVFS2_LIBS=''
RANLIB=''
SED=''
SET_MAKE=''
SHELL='/bin/bash'
SNAPPY_FLAGS=''
STRIP=''
THRIFT=''
VERSION=''
ac_ct_AR=''
ac_ct_CC='gcc'
ac_ct_CXX=''
ac_ct_DUMPBIN=''
am__EXEEXT_FALSE=''
am__EXEEXT_TRUE=''
am__fastdepCC_FALSE=''
am__fastdepCC_TRUE=''
am__fastdepCXX_FALSE=''
am__fastdepCXX_TRUE=''
am__include='include'
am__isrc=' -I$(srcdir)'
am__leading_dot='.'
am__nodep='_no'
am__quote=''
am__tar=''
am__untar=''
bindir='${exec_prefix}/bin'
build=''
build_alias=''
build_cpu=''
build_os=''
build_vendor=''
datadir='${datarootdir}'
datarootdir='${prefix}/share'
docdir='${datarootdir}/doc/${PACKAGE_TARNAME}'
dvidir='${docdir}'
exec_prefix='NONE'
host=''
host_alias=''
host_cpu=''
host_os=''
host_vendor=''
htmldir='${docdir}'
includedir='${prefix}/include'
infodir='${datarootdir}/info'
install_sh='${SHELL} /home/runzhou/indexfs-0.4/serverless-IndexFS/install-sh'
libdir='${exec_prefix}/lib'
libexecdir='${exec_prefix}/libexec'
localedir='${datarootdir}/locale'
localstatedir='${prefix}/var'
mandir='${datarootdir}/man'
mkdir_p=''
oldincludedir='/usr/include'
pdfdir='${docdir}'
prefix='NONE'
program_transform_name='s,x,x,'
psdir='${docdir}'
runstatedir='${localstatedir}/run'
sbindir='${exec_prefix}/sbin'
sharedstatedir='${prefix}/com'
sysconfdir='${prefix}/etc'
target_alias=''

## ----------- ##
## confdefs.h. ##
## ----------- ##

/* confdefs.h */
#define PACKAGE_NAME "indexfs"
#define PACKAGE_TARNAME "indexfs"
#define PACKAGE_VERSION "0.4.1"
#define PACKAGE_STRING "indexfs 0.4.1"
#define PACKAGE_BUGREPORT ""
#define PACKAGE_URL ""
#define STDC_HEADERS 1
#define HAVE_SYS_TYPES_H 1
#define HAVE_SYS_STAT_H 1
#define HAVE_STDLIB_H 1
#define HAVE_STRING_H 1
#define HAVE_MEMORY_H 1
#define HAVE_STRINGS_H 1
#define HAVE_INTTYPES_H 1
#define HAVE_STDINT_H 1
#define HAVE_UNISTD_H 1
#define __EXTENSIONS__ 1
#define _ALL_SOURCE 1
#define _GNU_SOURCE 1
#define _POSIX_PTHREAD_SEMANTICS 1
#define _TANDEM_SOURCE 1

configure: exit 1
